Building DAG of jobs...
Using shell: /usr/bin/bash
Provided cores: 2
Rules claiming more threads will be scaled down.
Job counts:
	count	jobs
	1	all
	3	winter_seasonal_average
	4
Select jobs to execute...

[Mon Feb  1 13:30:52 2021]
rule winter_seasonal_average:
    input: /opt/uio/flexpart/ERA5/era5.single_level.surface_pressure.monthly.2017-2019.nc
    output: /opt/uio/flexpart/ERA5/era5.single_level.surface_pressure.SON.2017-2019.nc
    jobid: 7
    wildcards: level=single_level, varName=surface_pressure, season=SON, sdate=2017, edate=2019


[Mon Feb  1 13:30:52 2021]
rule winter_seasonal_average:
    input: /opt/uio/flexpart/ERA5/era5.single_level.surface_pressure.monthly.2017-2019.nc
    output: /opt/uio/flexpart/ERA5/era5.single_level.surface_pressure.MAM.2017-2019.nc
    jobid: 5
    wildcards: level=single_level, varName=surface_pressure, season=MAM, sdate=2017, edate=2019

[Mon Feb  1 13:30:53 2021]
Finished job 5.
1 of 4 steps (25%) done
[Mon Feb  1 13:30:53 2021]
Finished job 7.
2 of 4 steps (50%) done
Select jobs to execute...

[Mon Feb  1 13:30:53 2021]
rule winter_seasonal_average:
    input: /opt/uio/flexpart/ERA5/era5.single_level.surface_pressure.monthly.2017-2019.nc
    output: /opt/uio/flexpart/ERA5/era5.single_level.surface_pressure.JJA.2017-2019.nc
    jobid: 6
    wildcards: level=single_level, varName=surface_pressure, season=JJA, sdate=2017, edate=2019

[Mon Feb  1 13:30:53 2021]
Finished job 6.
3 of 4 steps (75%) done
Select jobs to execute...

[Mon Feb  1 13:30:53 2021]
localrule all:
    input: /opt/uio/flexpart/ERA5/era5.1000hpa.Geopotential.monthly.2017-2019.nc, /opt/uio/flexpart/ERA5/era5.850hpa.Geopotential.monthly.2017-2019.nc, /opt/uio/flexpart/ERA5/era5.single_level.surface_pressure.monthly.2017-2019.nc, /opt/uio/flexpart/ERA5/era5.single_level.surface_pressure.DJF.2017-2019.nc, /opt/uio/flexpart/ERA5/era5.single_level.surface_pressure.MAM.2017-2019.nc, /opt/uio/flexpart/ERA5/era5.single_level.surface_pressure.JJA.2017-2019.nc, /opt/uio/flexpart/ERA5/era5.single_level.surface_pressure.SON.2017-2019.nc
    jobid: 0

[Mon Feb  1 13:30:53 2021]
Finished job 0.
4 of 4 steps (100%) done
Complete log: /home/centos/ERA5_workflow/.snakemake/log/2021-02-01T133052.803747.snakemake.log
