Building DAG of jobs...
Using shell: /usr/bin/bash
Provided cores: 1 (use --cores to define parallelism)
Rules claiming more threads will be scaled down.
Job counts:
	count	jobs
	1	all
	2	geopotential_to_geopotential_height
	3
Select jobs to execute...

[Mon Feb  1 16:25:24 2021]
rule geopotential_to_geopotential_height:
    input: /opt/uio/flexpart/ERA5/era5.500hpa.Geopotential.monthly.2017-2019.nc
    output: /opt/uio/flexpart/ERA5/era5.500hpa.GeopotHeight.monthly.2017-2019.nc
    jobid: 24
    wildcards: plevel=500, sdate=2017, edate=2019

[Mon Feb  1 16:25:28 2021]
Finished job 24.
1 of 3 steps (33%) done
Select jobs to execute...

[Mon Feb  1 16:25:28 2021]
rule geopotential_to_geopotential_height:
    input: /opt/uio/flexpart/ERA5/era5.850hpa.Geopotential.monthly.2017-2019.nc
    output: /opt/uio/flexpart/ERA5/era5.850hpa.GeopotHeight.monthly.2017-2019.nc
    jobid: 23
    wildcards: plevel=850, sdate=2017, edate=2019

[Mon Feb  1 16:25:32 2021]
Finished job 23.
2 of 3 steps (67%) done
Select jobs to execute...

[Mon Feb  1 16:25:32 2021]
localrule all:
    input: /opt/uio/flexpart/ERA5/era5.1000hpa.Geopotential.monthly.2017-2019.nc, /opt/uio/flexpart/ERA5/era5.850hpa.Geopotential.monthly.2017-2019.nc, /opt/uio/flexpart/ERA5/era5.500hpa.Geopotential.monthly.2017-2019.nc, /opt/uio/flexpart/ERA5/era5.250hpa.Geopotential.monthly.2017-2019.nc, /opt/uio/flexpart/ERA5/era5.single_level.surface_pressure.monthly.2017-2019.nc, /opt/uio/flexpart/ERA5/era5.single_level.surface_pressure.annual.2017-2019.nc, /opt/uio/flexpart/ERA5/era5.single_level.surface_pressure.DJF_avg.2017-2019.nc, /opt/uio/flexpart/ERA5/era5.single_level.surface_pressure.MAM_avg.2017-2019.nc, /opt/uio/flexpart/ERA5/era5.single_level.surface_pressure.JJA_avg.2017-2019.nc, /opt/uio/flexpart/ERA5/era5.single_level.surface_pressure.SON_avg.2017-2019.nc, /opt/uio/flexpart/ERA5/era5.1000hpa.Geopotential.DJF_avg.2017-2019.nc, /opt/uio/flexpart/ERA5/era5.1000hpa.Geopotential.MAM_avg.2017-2019.nc, /opt/uio/flexpart/ERA5/era5.1000hpa.Geopotential.JJA_avg.2017-2019.nc, /opt/uio/flexpart/ERA5/era5.1000hpa.Geopotential.SON_avg.2017-2019.nc, /opt/uio/flexpart/ERA5/era5.850hpa.Geopotential.DJF_avg.2017-2019.nc, /opt/uio/flexpart/ERA5/era5.850hpa.Geopotential.MAM_avg.2017-2019.nc, /opt/uio/flexpart/ERA5/era5.850hpa.Geopotential.JJA_avg.2017-2019.nc, /opt/uio/flexpart/ERA5/era5.850hpa.Geopotential.SON_avg.2017-2019.nc, /opt/uio/flexpart/ERA5/era5.500hpa.Geopotential.DJF_avg.2017-2019.nc, /opt/uio/flexpart/ERA5/era5.500hpa.Geopotential.MAM_avg.2017-2019.nc, /opt/uio/flexpart/ERA5/era5.500hpa.Geopotential.JJA_avg.2017-2019.nc, /opt/uio/flexpart/ERA5/era5.500hpa.Geopotential.SON_avg.2017-2019.nc, /opt/uio/flexpart/ERA5/era5.250hpa.Geopotential.DJF_avg.2017-2019.nc, /opt/uio/flexpart/ERA5/era5.250hpa.Geopotential.MAM_avg.2017-2019.nc, /opt/uio/flexpart/ERA5/era5.250hpa.Geopotential.JJA_avg.2017-2019.nc, /opt/uio/flexpart/ERA5/era5.250hpa.Geopotential.SON_avg.2017-2019.nc, /opt/uio/flexpart/ERA5/era5.1000hpa.GeopotHeight.monthly.2017-2019.nc, /opt/uio/flexpart/ERA5/era5.850hpa.GeopotHeight.monthly.2017-2019.nc, /opt/uio/flexpart/ERA5/era5.500hpa.GeopotHeight.monthly.2017-2019.nc, /opt/uio/flexpart/ERA5/era5.250hpa.GeopotHeight.monthly.2017-2019.nc
    jobid: 0

[Mon Feb  1 16:25:32 2021]
Finished job 0.
3 of 3 steps (100%) done
Complete log: /home/centos/ERA5_workflow/.snakemake/log/2021-02-01T162524.286541.snakemake.log
