Building DAG of jobs...
Using shell: /usr/bin/bash
Provided cores: 1 (use --cores to define parallelism)
Rules claiming more threads will be scaled down.
Job counts:
	count	jobs
	1	all
	1	annual_average
	2
Select jobs to execute...

[Mon Feb  1 11:40:52 2021]
rule annual_average:
    input: /opt/uio/flexpart/ERA5/era5.single_level.surface_pressure.monthly.2017-2019.nc
    output: /opt/uio/flexpart/ERA5/era5.single_level.surface_pressure.annual.2017-2019.nc
    jobid: 4
    wildcards: level=single_level, varName=surface_pressure, sdate=2017, edate=2019

[Mon Feb  1 11:40:53 2021]
Finished job 4.
1 of 2 steps (50%) done
Select jobs to execute...

[Mon Feb  1 11:40:53 2021]
localrule all:
    input: /opt/uio/flexpart/ERA5/era5.1000hpa.Geopotential.monthly.2017-2019.nc, /opt/uio/flexpart/ERA5/era5.850hpa.Geopotential.monthly.2017-2019.nc, /opt/uio/flexpart/ERA5/era5.single_level.surface_pressure.monthly.2017-2019.nc, /opt/uio/flexpart/ERA5/era5.single_level.surface_pressure.annual.2017-2019.nc
    jobid: 0

[Mon Feb  1 11:40:53 2021]
Finished job 0.
2 of 2 steps (100%) done
Complete log: /home/centos/ERA5_workflow/.snakemake/log/2021-02-01T114052.667545.snakemake.log
