Building DAG of jobs...
Using shell: /usr/bin/bash
Provided cores: 2
Rules claiming more threads will be scaled down.
Job counts:
	count	jobs
	1	all
	16	seasonal_average
	17
Select jobs to execute...

[Mon Feb  1 16:43:31 2021]
rule seasonal_average:
    input: /opt/uio/flexpart/ERA5/era5.850hpa.GeopotHeight.monthly.2017-2019.nc
    output: /opt/uio/flexpart/ERA5/era5.850hpa.GeopotHeight.JJA_avg.2017-2019.nc
    jobid: 32
    wildcards: level=850hpa, varName=GeopotHeight, season=JJA, sdate=2017, edate=2019


        if [[ JJA == DJF ]]; then
            ncra -d time,11,,12,3 /opt/uio/flexpart/ERA5/era5.850hpa.GeopotHeight.monthly.2017-2019.nc /opt/uio/flexpart/ERA5/era5.850hpa.GeopotHeight.JJA_avg.2017-2019.nc
        elif [[ JJA == MAM ]]; then
            ncra -d time,2,,12,3 /opt/uio/flexpart/ERA5/era5.850hpa.GeopotHeight.monthly.2017-2019.nc /opt/uio/flexpart/ERA5/era5.850hpa.GeopotHeight.JJA_avg.2017-2019.nc
        elif [[ JJA == JJA ]]; then
            ncra -d time,5,,12,3 /opt/uio/flexpart/ERA5/era5.850hpa.GeopotHeight.monthly.2017-2019.nc /opt/uio/flexpart/ERA5/era5.850hpa.GeopotHeight.JJA_avg.2017-2019.nc
        else
            ncra -d time,8,,12,3 /opt/uio/flexpart/ERA5/era5.850hpa.GeopotHeight.monthly.2017-2019.nc /opt/uio/flexpart/ERA5/era5.850hpa.GeopotHeight.JJA_avg.2017-2019.nc
        fi
        

[Mon Feb  1 16:43:31 2021]
rule seasonal_average:
    input: /opt/uio/flexpart/ERA5/era5.500hpa.GeopotHeight.monthly.2017-2019.nc
    output: /opt/uio/flexpart/ERA5/era5.500hpa.GeopotHeight.DJF_avg.2017-2019.nc
    jobid: 34
    wildcards: level=500hpa, varName=GeopotHeight, season=DJF, sdate=2017, edate=2019


        if [[ DJF == DJF ]]; then
            ncra -d time,11,,12,3 /opt/uio/flexpart/ERA5/era5.500hpa.GeopotHeight.monthly.2017-2019.nc /opt/uio/flexpart/ERA5/era5.500hpa.GeopotHeight.DJF_avg.2017-2019.nc
        elif [[ DJF == MAM ]]; then
            ncra -d time,2,,12,3 /opt/uio/flexpart/ERA5/era5.500hpa.GeopotHeight.monthly.2017-2019.nc /opt/uio/flexpart/ERA5/era5.500hpa.GeopotHeight.DJF_avg.2017-2019.nc
        elif [[ DJF == JJA ]]; then
            ncra -d time,5,,12,3 /opt/uio/flexpart/ERA5/era5.500hpa.GeopotHeight.monthly.2017-2019.nc /opt/uio/flexpart/ERA5/era5.500hpa.GeopotHeight.DJF_avg.2017-2019.nc
        else
            ncra -d time,8,,12,3 /opt/uio/flexpart/ERA5/era5.500hpa.GeopotHeight.monthly.2017-2019.nc /opt/uio/flexpart/ERA5/era5.500hpa.GeopotHeight.DJF_avg.2017-2019.nc
        fi
        
[Mon Feb  1 16:43:31 2021]
Finished job 32.
1 of 17 steps (6%) done
Select jobs to execute...
[Mon Feb  1 16:43:31 2021]
Finished job 34.
2 of 17 steps (12%) done

[Mon Feb  1 16:43:31 2021]
rule seasonal_average:
    input: /opt/uio/flexpart/ERA5/era5.850hpa.GeopotHeight.monthly.2017-2019.nc
    output: /opt/uio/flexpart/ERA5/era5.850hpa.GeopotHeight.MAM_avg.2017-2019.nc
    jobid: 31
    wildcards: level=850hpa, varName=GeopotHeight, season=MAM, sdate=2017, edate=2019


        if [[ MAM == DJF ]]; then
            ncra -d time,11,,12,3 /opt/uio/flexpart/ERA5/era5.850hpa.GeopotHeight.monthly.2017-2019.nc /opt/uio/flexpart/ERA5/era5.850hpa.GeopotHeight.MAM_avg.2017-2019.nc
        elif [[ MAM == MAM ]]; then
            ncra -d time,2,,12,3 /opt/uio/flexpart/ERA5/era5.850hpa.GeopotHeight.monthly.2017-2019.nc /opt/uio/flexpart/ERA5/era5.850hpa.GeopotHeight.MAM_avg.2017-2019.nc
        elif [[ MAM == JJA ]]; then
            ncra -d time,5,,12,3 /opt/uio/flexpart/ERA5/era5.850hpa.GeopotHeight.monthly.2017-2019.nc /opt/uio/flexpart/ERA5/era5.850hpa.GeopotHeight.MAM_avg.2017-2019.nc
        else
            ncra -d time,8,,12,3 /opt/uio/flexpart/ERA5/era5.850hpa.GeopotHeight.monthly.2017-2019.nc /opt/uio/flexpart/ERA5/era5.850hpa.GeopotHeight.MAM_avg.2017-2019.nc
        fi
        
Select jobs to execute...

[Mon Feb  1 16:43:32 2021]
rule seasonal_average:
    input: /opt/uio/flexpart/ERA5/era5.850hpa.GeopotHeight.monthly.2017-2019.nc
    output: /opt/uio/flexpart/ERA5/era5.850hpa.GeopotHeight.SON_avg.2017-2019.nc
    jobid: 33
    wildcards: level=850hpa, varName=GeopotHeight, season=SON, sdate=2017, edate=2019


        if [[ SON == DJF ]]; then
            ncra -d time,11,,12,3 /opt/uio/flexpart/ERA5/era5.850hpa.GeopotHeight.monthly.2017-2019.nc /opt/uio/flexpart/ERA5/era5.850hpa.GeopotHeight.SON_avg.2017-2019.nc
        elif [[ SON == MAM ]]; then
            ncra -d time,2,,12,3 /opt/uio/flexpart/ERA5/era5.850hpa.GeopotHeight.monthly.2017-2019.nc /opt/uio/flexpart/ERA5/era5.850hpa.GeopotHeight.SON_avg.2017-2019.nc
        elif [[ SON == JJA ]]; then
            ncra -d time,5,,12,3 /opt/uio/flexpart/ERA5/era5.850hpa.GeopotHeight.monthly.2017-2019.nc /opt/uio/flexpart/ERA5/era5.850hpa.GeopotHeight.SON_avg.2017-2019.nc
        else
            ncra -d time,8,,12,3 /opt/uio/flexpart/ERA5/era5.850hpa.GeopotHeight.monthly.2017-2019.nc /opt/uio/flexpart/ERA5/era5.850hpa.GeopotHeight.SON_avg.2017-2019.nc
        fi
        
[Mon Feb  1 16:43:32 2021]
Finished job 31.
3 of 17 steps (18%) done
Select jobs to execute...
[Mon Feb  1 16:43:32 2021]
Finished job 33.
4 of 17 steps (24%) done

[Mon Feb  1 16:43:32 2021]
rule seasonal_average:
    input: /opt/uio/flexpart/ERA5/era5.500hpa.GeopotHeight.monthly.2017-2019.nc
    output: /opt/uio/flexpart/ERA5/era5.500hpa.GeopotHeight.MAM_avg.2017-2019.nc
    jobid: 35
    wildcards: level=500hpa, varName=GeopotHeight, season=MAM, sdate=2017, edate=2019


        if [[ MAM == DJF ]]; then
            ncra -d time,11,,12,3 /opt/uio/flexpart/ERA5/era5.500hpa.GeopotHeight.monthly.2017-2019.nc /opt/uio/flexpart/ERA5/era5.500hpa.GeopotHeight.MAM_avg.2017-2019.nc
        elif [[ MAM == MAM ]]; then
            ncra -d time,2,,12,3 /opt/uio/flexpart/ERA5/era5.500hpa.GeopotHeight.monthly.2017-2019.nc /opt/uio/flexpart/ERA5/era5.500hpa.GeopotHeight.MAM_avg.2017-2019.nc
        elif [[ MAM == JJA ]]; then
            ncra -d time,5,,12,3 /opt/uio/flexpart/ERA5/era5.500hpa.GeopotHeight.monthly.2017-2019.nc /opt/uio/flexpart/ERA5/era5.500hpa.GeopotHeight.MAM_avg.2017-2019.nc
        else
            ncra -d time,8,,12,3 /opt/uio/flexpart/ERA5/era5.500hpa.GeopotHeight.monthly.2017-2019.nc /opt/uio/flexpart/ERA5/era5.500hpa.GeopotHeight.MAM_avg.2017-2019.nc
        fi
        
Select jobs to execute...

[Mon Feb  1 16:43:32 2021]
rule seasonal_average:
    input: /opt/uio/flexpart/ERA5/era5.500hpa.GeopotHeight.monthly.2017-2019.nc
    output: /opt/uio/flexpart/ERA5/era5.500hpa.GeopotHeight.SON_avg.2017-2019.nc
    jobid: 37
    wildcards: level=500hpa, varName=GeopotHeight, season=SON, sdate=2017, edate=2019


        if [[ SON == DJF ]]; then
            ncra -d time,11,,12,3 /opt/uio/flexpart/ERA5/era5.500hpa.GeopotHeight.monthly.2017-2019.nc /opt/uio/flexpart/ERA5/era5.500hpa.GeopotHeight.SON_avg.2017-2019.nc
        elif [[ SON == MAM ]]; then
            ncra -d time,2,,12,3 /opt/uio/flexpart/ERA5/era5.500hpa.GeopotHeight.monthly.2017-2019.nc /opt/uio/flexpart/ERA5/era5.500hpa.GeopotHeight.SON_avg.2017-2019.nc
        elif [[ SON == JJA ]]; then
            ncra -d time,5,,12,3 /opt/uio/flexpart/ERA5/era5.500hpa.GeopotHeight.monthly.2017-2019.nc /opt/uio/flexpart/ERA5/era5.500hpa.GeopotHeight.SON_avg.2017-2019.nc
        else
            ncra -d time,8,,12,3 /opt/uio/flexpart/ERA5/era5.500hpa.GeopotHeight.monthly.2017-2019.nc /opt/uio/flexpart/ERA5/era5.500hpa.GeopotHeight.SON_avg.2017-2019.nc
        fi
        
[Mon Feb  1 16:43:32 2021]
Finished job 35.
5 of 17 steps (29%) done
Select jobs to execute...

[Mon Feb  1 16:43:32 2021]
rule seasonal_average:
    input: /opt/uio/flexpart/ERA5/era5.250hpa.GeopotHeight.monthly.2017-2019.nc
    output: /opt/uio/flexpart/ERA5/era5.250hpa.GeopotHeight.MAM_avg.2017-2019.nc
    jobid: 39
    wildcards: level=250hpa, varName=GeopotHeight, season=MAM, sdate=2017, edate=2019


        if [[ MAM == DJF ]]; then
            ncra -d time,11,,12,3 /opt/uio/flexpart/ERA5/era5.250hpa.GeopotHeight.monthly.2017-2019.nc /opt/uio/flexpart/ERA5/era5.250hpa.GeopotHeight.MAM_avg.2017-2019.nc
        elif [[ MAM == MAM ]]; then
            ncra -d time,2,,12,3 /opt/uio/flexpart/ERA5/era5.250hpa.GeopotHeight.monthly.2017-2019.nc /opt/uio/flexpart/ERA5/era5.250hpa.GeopotHeight.MAM_avg.2017-2019.nc
        elif [[ MAM == JJA ]]; then
            ncra -d time,5,,12,3 /opt/uio/flexpart/ERA5/era5.250hpa.GeopotHeight.monthly.2017-2019.nc /opt/uio/flexpart/ERA5/era5.250hpa.GeopotHeight.MAM_avg.2017-2019.nc
        else
            ncra -d time,8,,12,3 /opt/uio/flexpart/ERA5/era5.250hpa.GeopotHeight.monthly.2017-2019.nc /opt/uio/flexpart/ERA5/era5.250hpa.GeopotHeight.MAM_avg.2017-2019.nc
        fi
        
[Mon Feb  1 16:43:32 2021]
Finished job 37.
6 of 17 steps (35%) done
Select jobs to execute...

[Mon Feb  1 16:43:32 2021]
rule seasonal_average:
    input: /opt/uio/flexpart/ERA5/era5.1000hpa.GeopotHeight.monthly.2017-2019.nc
    output: /opt/uio/flexpart/ERA5/era5.1000hpa.GeopotHeight.MAM_avg.2017-2019.nc
    jobid: 27
    wildcards: level=1000hpa, varName=GeopotHeight, season=MAM, sdate=2017, edate=2019


        if [[ MAM == DJF ]]; then
            ncra -d time,11,,12,3 /opt/uio/flexpart/ERA5/era5.1000hpa.GeopotHeight.monthly.2017-2019.nc /opt/uio/flexpart/ERA5/era5.1000hpa.GeopotHeight.MAM_avg.2017-2019.nc
        elif [[ MAM == MAM ]]; then
            ncra -d time,2,,12,3 /opt/uio/flexpart/ERA5/era5.1000hpa.GeopotHeight.monthly.2017-2019.nc /opt/uio/flexpart/ERA5/era5.1000hpa.GeopotHeight.MAM_avg.2017-2019.nc
        elif [[ MAM == JJA ]]; then
            ncra -d time,5,,12,3 /opt/uio/flexpart/ERA5/era5.1000hpa.GeopotHeight.monthly.2017-2019.nc /opt/uio/flexpart/ERA5/era5.1000hpa.GeopotHeight.MAM_avg.2017-2019.nc
        else
            ncra -d time,8,,12,3 /opt/uio/flexpart/ERA5/era5.1000hpa.GeopotHeight.monthly.2017-2019.nc /opt/uio/flexpart/ERA5/era5.1000hpa.GeopotHeight.MAM_avg.2017-2019.nc
        fi
        
[Mon Feb  1 16:43:32 2021]
Finished job 39.
7 of 17 steps (41%) done
Select jobs to execute...

[Mon Feb  1 16:43:32 2021]
rule seasonal_average:
    input: /opt/uio/flexpart/ERA5/era5.1000hpa.GeopotHeight.monthly.2017-2019.nc
    output: /opt/uio/flexpart/ERA5/era5.1000hpa.GeopotHeight.SON_avg.2017-2019.nc
    jobid: 29
    wildcards: level=1000hpa, varName=GeopotHeight, season=SON, sdate=2017, edate=2019


        if [[ SON == DJF ]]; then
            ncra -d time,11,,12,3 /opt/uio/flexpart/ERA5/era5.1000hpa.GeopotHeight.monthly.2017-2019.nc /opt/uio/flexpart/ERA5/era5.1000hpa.GeopotHeight.SON_avg.2017-2019.nc
        elif [[ SON == MAM ]]; then
            ncra -d time,2,,12,3 /opt/uio/flexpart/ERA5/era5.1000hpa.GeopotHeight.monthly.2017-2019.nc /opt/uio/flexpart/ERA5/era5.1000hpa.GeopotHeight.SON_avg.2017-2019.nc
        elif [[ SON == JJA ]]; then
            ncra -d time,5,,12,3 /opt/uio/flexpart/ERA5/era5.1000hpa.GeopotHeight.monthly.2017-2019.nc /opt/uio/flexpart/ERA5/era5.1000hpa.GeopotHeight.SON_avg.2017-2019.nc
        else
            ncra -d time,8,,12,3 /opt/uio/flexpart/ERA5/era5.1000hpa.GeopotHeight.monthly.2017-2019.nc /opt/uio/flexpart/ERA5/era5.1000hpa.GeopotHeight.SON_avg.2017-2019.nc
        fi
        
[Mon Feb  1 16:43:32 2021]
Finished job 27.
8 of 17 steps (47%) done
Select jobs to execute...

[Mon Feb  1 16:43:32 2021]
rule seasonal_average:
    input: /opt/uio/flexpart/ERA5/era5.250hpa.GeopotHeight.monthly.2017-2019.nc
    output: /opt/uio/flexpart/ERA5/era5.250hpa.GeopotHeight.JJA_avg.2017-2019.nc
    jobid: 40
    wildcards: level=250hpa, varName=GeopotHeight, season=JJA, sdate=2017, edate=2019


        if [[ JJA == DJF ]]; then
            ncra -d time,11,,12,3 /opt/uio/flexpart/ERA5/era5.250hpa.GeopotHeight.monthly.2017-2019.nc /opt/uio/flexpart/ERA5/era5.250hpa.GeopotHeight.JJA_avg.2017-2019.nc
        elif [[ JJA == MAM ]]; then
            ncra -d time,2,,12,3 /opt/uio/flexpart/ERA5/era5.250hpa.GeopotHeight.monthly.2017-2019.nc /opt/uio/flexpart/ERA5/era5.250hpa.GeopotHeight.JJA_avg.2017-2019.nc
        elif [[ JJA == JJA ]]; then
            ncra -d time,5,,12,3 /opt/uio/flexpart/ERA5/era5.250hpa.GeopotHeight.monthly.2017-2019.nc /opt/uio/flexpart/ERA5/era5.250hpa.GeopotHeight.JJA_avg.2017-2019.nc
        else
            ncra -d time,8,,12,3 /opt/uio/flexpart/ERA5/era5.250hpa.GeopotHeight.monthly.2017-2019.nc /opt/uio/flexpart/ERA5/era5.250hpa.GeopotHeight.JJA_avg.2017-2019.nc
        fi
        
[Mon Feb  1 16:43:33 2021]
Finished job 29.
9 of 17 steps (53%) done
Select jobs to execute...

[Mon Feb  1 16:43:33 2021]
rule seasonal_average:
    input: /opt/uio/flexpart/ERA5/era5.500hpa.GeopotHeight.monthly.2017-2019.nc
    output: /opt/uio/flexpart/ERA5/era5.500hpa.GeopotHeight.JJA_avg.2017-2019.nc
    jobid: 36
    wildcards: level=500hpa, varName=GeopotHeight, season=JJA, sdate=2017, edate=2019


        if [[ JJA == DJF ]]; then
            ncra -d time,11,,12,3 /opt/uio/flexpart/ERA5/era5.500hpa.GeopotHeight.monthly.2017-2019.nc /opt/uio/flexpart/ERA5/era5.500hpa.GeopotHeight.JJA_avg.2017-2019.nc
        elif [[ JJA == MAM ]]; then
            ncra -d time,2,,12,3 /opt/uio/flexpart/ERA5/era5.500hpa.GeopotHeight.monthly.2017-2019.nc /opt/uio/flexpart/ERA5/era5.500hpa.GeopotHeight.JJA_avg.2017-2019.nc
        elif [[ JJA == JJA ]]; then
            ncra -d time,5,,12,3 /opt/uio/flexpart/ERA5/era5.500hpa.GeopotHeight.monthly.2017-2019.nc /opt/uio/flexpart/ERA5/era5.500hpa.GeopotHeight.JJA_avg.2017-2019.nc
        else
            ncra -d time,8,,12,3 /opt/uio/flexpart/ERA5/era5.500hpa.GeopotHeight.monthly.2017-2019.nc /opt/uio/flexpart/ERA5/era5.500hpa.GeopotHeight.JJA_avg.2017-2019.nc
        fi
        
[Mon Feb  1 16:43:33 2021]
Finished job 40.
10 of 17 steps (59%) done
Select jobs to execute...

[Mon Feb  1 16:43:33 2021]
rule seasonal_average:
    input: /opt/uio/flexpart/ERA5/era5.850hpa.GeopotHeight.monthly.2017-2019.nc
    output: /opt/uio/flexpart/ERA5/era5.850hpa.GeopotHeight.DJF_avg.2017-2019.nc
    jobid: 30
    wildcards: level=850hpa, varName=GeopotHeight, season=DJF, sdate=2017, edate=2019


        if [[ DJF == DJF ]]; then
            ncra -d time,11,,12,3 /opt/uio/flexpart/ERA5/era5.850hpa.GeopotHeight.monthly.2017-2019.nc /opt/uio/flexpart/ERA5/era5.850hpa.GeopotHeight.DJF_avg.2017-2019.nc
        elif [[ DJF == MAM ]]; then
            ncra -d time,2,,12,3 /opt/uio/flexpart/ERA5/era5.850hpa.GeopotHeight.monthly.2017-2019.nc /opt/uio/flexpart/ERA5/era5.850hpa.GeopotHeight.DJF_avg.2017-2019.nc
        elif [[ DJF == JJA ]]; then
            ncra -d time,5,,12,3 /opt/uio/flexpart/ERA5/era5.850hpa.GeopotHeight.monthly.2017-2019.nc /opt/uio/flexpart/ERA5/era5.850hpa.GeopotHeight.DJF_avg.2017-2019.nc
        else
            ncra -d time,8,,12,3 /opt/uio/flexpart/ERA5/era5.850hpa.GeopotHeight.monthly.2017-2019.nc /opt/uio/flexpart/ERA5/era5.850hpa.GeopotHeight.DJF_avg.2017-2019.nc
        fi
        
[Mon Feb  1 16:43:33 2021]
Finished job 36.
11 of 17 steps (65%) done
Select jobs to execute...

[Mon Feb  1 16:43:33 2021]
rule seasonal_average:
    input: /opt/uio/flexpart/ERA5/era5.1000hpa.GeopotHeight.monthly.2017-2019.nc
    output: /opt/uio/flexpart/ERA5/era5.1000hpa.GeopotHeight.JJA_avg.2017-2019.nc
    jobid: 28
    wildcards: level=1000hpa, varName=GeopotHeight, season=JJA, sdate=2017, edate=2019


        if [[ JJA == DJF ]]; then
            ncra -d time,11,,12,3 /opt/uio/flexpart/ERA5/era5.1000hpa.GeopotHeight.monthly.2017-2019.nc /opt/uio/flexpart/ERA5/era5.1000hpa.GeopotHeight.JJA_avg.2017-2019.nc
        elif [[ JJA == MAM ]]; then
            ncra -d time,2,,12,3 /opt/uio/flexpart/ERA5/era5.1000hpa.GeopotHeight.monthly.2017-2019.nc /opt/uio/flexpart/ERA5/era5.1000hpa.GeopotHeight.JJA_avg.2017-2019.nc
        elif [[ JJA == JJA ]]; then
            ncra -d time,5,,12,3 /opt/uio/flexpart/ERA5/era5.1000hpa.GeopotHeight.monthly.2017-2019.nc /opt/uio/flexpart/ERA5/era5.1000hpa.GeopotHeight.JJA_avg.2017-2019.nc
        else
            ncra -d time,8,,12,3 /opt/uio/flexpart/ERA5/era5.1000hpa.GeopotHeight.monthly.2017-2019.nc /opt/uio/flexpart/ERA5/era5.1000hpa.GeopotHeight.JJA_avg.2017-2019.nc
        fi
        
[Mon Feb  1 16:43:33 2021]
Finished job 30.
12 of 17 steps (71%) done
Select jobs to execute...

[Mon Feb  1 16:43:33 2021]
rule seasonal_average:
    input: /opt/uio/flexpart/ERA5/era5.250hpa.GeopotHeight.monthly.2017-2019.nc
    output: /opt/uio/flexpart/ERA5/era5.250hpa.GeopotHeight.SON_avg.2017-2019.nc
    jobid: 41
    wildcards: level=250hpa, varName=GeopotHeight, season=SON, sdate=2017, edate=2019


        if [[ SON == DJF ]]; then
            ncra -d time,11,,12,3 /opt/uio/flexpart/ERA5/era5.250hpa.GeopotHeight.monthly.2017-2019.nc /opt/uio/flexpart/ERA5/era5.250hpa.GeopotHeight.SON_avg.2017-2019.nc
        elif [[ SON == MAM ]]; then
            ncra -d time,2,,12,3 /opt/uio/flexpart/ERA5/era5.250hpa.GeopotHeight.monthly.2017-2019.nc /opt/uio/flexpart/ERA5/era5.250hpa.GeopotHeight.SON_avg.2017-2019.nc
        elif [[ SON == JJA ]]; then
            ncra -d time,5,,12,3 /opt/uio/flexpart/ERA5/era5.250hpa.GeopotHeight.monthly.2017-2019.nc /opt/uio/flexpart/ERA5/era5.250hpa.GeopotHeight.SON_avg.2017-2019.nc
        else
            ncra -d time,8,,12,3 /opt/uio/flexpart/ERA5/era5.250hpa.GeopotHeight.monthly.2017-2019.nc /opt/uio/flexpart/ERA5/era5.250hpa.GeopotHeight.SON_avg.2017-2019.nc
        fi
        
[Mon Feb  1 16:43:33 2021]
Finished job 28.
13 of 17 steps (76%) done
Select jobs to execute...

[Mon Feb  1 16:43:33 2021]
rule seasonal_average:
    input: /opt/uio/flexpart/ERA5/era5.250hpa.GeopotHeight.monthly.2017-2019.nc
    output: /opt/uio/flexpart/ERA5/era5.250hpa.GeopotHeight.DJF_avg.2017-2019.nc
    jobid: 38
    wildcards: level=250hpa, varName=GeopotHeight, season=DJF, sdate=2017, edate=2019


        if [[ DJF == DJF ]]; then
            ncra -d time,11,,12,3 /opt/uio/flexpart/ERA5/era5.250hpa.GeopotHeight.monthly.2017-2019.nc /opt/uio/flexpart/ERA5/era5.250hpa.GeopotHeight.DJF_avg.2017-2019.nc
        elif [[ DJF == MAM ]]; then
            ncra -d time,2,,12,3 /opt/uio/flexpart/ERA5/era5.250hpa.GeopotHeight.monthly.2017-2019.nc /opt/uio/flexpart/ERA5/era5.250hpa.GeopotHeight.DJF_avg.2017-2019.nc
        elif [[ DJF == JJA ]]; then
            ncra -d time,5,,12,3 /opt/uio/flexpart/ERA5/era5.250hpa.GeopotHeight.monthly.2017-2019.nc /opt/uio/flexpart/ERA5/era5.250hpa.GeopotHeight.DJF_avg.2017-2019.nc
        else
            ncra -d time,8,,12,3 /opt/uio/flexpart/ERA5/era5.250hpa.GeopotHeight.monthly.2017-2019.nc /opt/uio/flexpart/ERA5/era5.250hpa.GeopotHeight.DJF_avg.2017-2019.nc
        fi
        
[Mon Feb  1 16:43:33 2021]
Finished job 41.
14 of 17 steps (82%) done
Select jobs to execute...
[Mon Feb  1 16:43:34 2021]
Finished job 38.
15 of 17 steps (88%) done

[Mon Feb  1 16:43:34 2021]
rule seasonal_average:
    input: /opt/uio/flexpart/ERA5/era5.1000hpa.GeopotHeight.monthly.2017-2019.nc
    output: /opt/uio/flexpart/ERA5/era5.1000hpa.GeopotHeight.DJF_avg.2017-2019.nc
    jobid: 26
    wildcards: level=1000hpa, varName=GeopotHeight, season=DJF, sdate=2017, edate=2019


        if [[ DJF == DJF ]]; then
            ncra -d time,11,,12,3 /opt/uio/flexpart/ERA5/era5.1000hpa.GeopotHeight.monthly.2017-2019.nc /opt/uio/flexpart/ERA5/era5.1000hpa.GeopotHeight.DJF_avg.2017-2019.nc
        elif [[ DJF == MAM ]]; then
            ncra -d time,2,,12,3 /opt/uio/flexpart/ERA5/era5.1000hpa.GeopotHeight.monthly.2017-2019.nc /opt/uio/flexpart/ERA5/era5.1000hpa.GeopotHeight.DJF_avg.2017-2019.nc
        elif [[ DJF == JJA ]]; then
            ncra -d time,5,,12,3 /opt/uio/flexpart/ERA5/era5.1000hpa.GeopotHeight.monthly.2017-2019.nc /opt/uio/flexpart/ERA5/era5.1000hpa.GeopotHeight.DJF_avg.2017-2019.nc
        else
            ncra -d time,8,,12,3 /opt/uio/flexpart/ERA5/era5.1000hpa.GeopotHeight.monthly.2017-2019.nc /opt/uio/flexpart/ERA5/era5.1000hpa.GeopotHeight.DJF_avg.2017-2019.nc
        fi
        
[Mon Feb  1 16:43:34 2021]
Finished job 26.
16 of 17 steps (94%) done
Select jobs to execute...

[Mon Feb  1 16:43:34 2021]
localrule all:
    input: /opt/uio/flexpart/ERA5/era5.1000hpa.Geopotential.monthly.2017-2019.nc, /opt/uio/flexpart/ERA5/era5.850hpa.Geopotential.monthly.2017-2019.nc, /opt/uio/flexpart/ERA5/era5.500hpa.Geopotential.monthly.2017-2019.nc, /opt/uio/flexpart/ERA5/era5.250hpa.Geopotential.monthly.2017-2019.nc, /opt/uio/flexpart/ERA5/era5.single_level.surface_pressure.monthly.2017-2019.nc, /opt/uio/flexpart/ERA5/era5.single_level.surface_pressure.annual.2017-2019.nc, /opt/uio/flexpart/ERA5/era5.single_level.surface_pressure.DJF_avg.2017-2019.nc, /opt/uio/flexpart/ERA5/era5.single_level.surface_pressure.MAM_avg.2017-2019.nc, /opt/uio/flexpart/ERA5/era5.single_level.surface_pressure.JJA_avg.2017-2019.nc, /opt/uio/flexpart/ERA5/era5.single_level.surface_pressure.SON_avg.2017-2019.nc, /opt/uio/flexpart/ERA5/era5.1000hpa.Geopotential.DJF_avg.2017-2019.nc, /opt/uio/flexpart/ERA5/era5.1000hpa.Geopotential.MAM_avg.2017-2019.nc, /opt/uio/flexpart/ERA5/era5.1000hpa.Geopotential.JJA_avg.2017-2019.nc, /opt/uio/flexpart/ERA5/era5.1000hpa.Geopotential.SON_avg.2017-2019.nc, /opt/uio/flexpart/ERA5/era5.850hpa.Geopotential.DJF_avg.2017-2019.nc, /opt/uio/flexpart/ERA5/era5.850hpa.Geopotential.MAM_avg.2017-2019.nc, /opt/uio/flexpart/ERA5/era5.850hpa.Geopotential.JJA_avg.2017-2019.nc, /opt/uio/flexpart/ERA5/era5.850hpa.Geopotential.SON_avg.2017-2019.nc, /opt/uio/flexpart/ERA5/era5.500hpa.Geopotential.DJF_avg.2017-2019.nc, /opt/uio/flexpart/ERA5/era5.500hpa.Geopotential.MAM_avg.2017-2019.nc, /opt/uio/flexpart/ERA5/era5.500hpa.Geopotential.JJA_avg.2017-2019.nc, /opt/uio/flexpart/ERA5/era5.500hpa.Geopotential.SON_avg.2017-2019.nc, /opt/uio/flexpart/ERA5/era5.250hpa.Geopotential.DJF_avg.2017-2019.nc, /opt/uio/flexpart/ERA5/era5.250hpa.Geopotential.MAM_avg.2017-2019.nc, /opt/uio/flexpart/ERA5/era5.250hpa.Geopotential.JJA_avg.2017-2019.nc, /opt/uio/flexpart/ERA5/era5.250hpa.Geopotential.SON_avg.2017-2019.nc, /opt/uio/flexpart/ERA5/era5.1000hpa.GeopotHeight.monthly.2017-2019.nc, /opt/uio/flexpart/ERA5/era5.850hpa.GeopotHeight.monthly.2017-2019.nc, /opt/uio/flexpart/ERA5/era5.500hpa.GeopotHeight.monthly.2017-2019.nc, /opt/uio/flexpart/ERA5/era5.250hpa.GeopotHeight.monthly.2017-2019.nc, /opt/uio/flexpart/ERA5/era5.1000hpa.GeopotHeight.DJF_avg.2017-2019.nc, /opt/uio/flexpart/ERA5/era5.1000hpa.GeopotHeight.MAM_avg.2017-2019.nc, /opt/uio/flexpart/ERA5/era5.1000hpa.GeopotHeight.JJA_avg.2017-2019.nc, /opt/uio/flexpart/ERA5/era5.1000hpa.GeopotHeight.SON_avg.2017-2019.nc, /opt/uio/flexpart/ERA5/era5.850hpa.GeopotHeight.DJF_avg.2017-2019.nc, /opt/uio/flexpart/ERA5/era5.850hpa.GeopotHeight.MAM_avg.2017-2019.nc, /opt/uio/flexpart/ERA5/era5.850hpa.GeopotHeight.JJA_avg.2017-2019.nc, /opt/uio/flexpart/ERA5/era5.850hpa.GeopotHeight.SON_avg.2017-2019.nc, /opt/uio/flexpart/ERA5/era5.500hpa.GeopotHeight.DJF_avg.2017-2019.nc, /opt/uio/flexpart/ERA5/era5.500hpa.GeopotHeight.MAM_avg.2017-2019.nc, /opt/uio/flexpart/ERA5/era5.500hpa.GeopotHeight.JJA_avg.2017-2019.nc, /opt/uio/flexpart/ERA5/era5.500hpa.GeopotHeight.SON_avg.2017-2019.nc, /opt/uio/flexpart/ERA5/era5.250hpa.GeopotHeight.DJF_avg.2017-2019.nc, /opt/uio/flexpart/ERA5/era5.250hpa.GeopotHeight.MAM_avg.2017-2019.nc, /opt/uio/flexpart/ERA5/era5.250hpa.GeopotHeight.JJA_avg.2017-2019.nc, /opt/uio/flexpart/ERA5/era5.250hpa.GeopotHeight.SON_avg.2017-2019.nc
    jobid: 0

[Mon Feb  1 16:43:34 2021]
Finished job 0.
17 of 17 steps (100%) done
Complete log: /home/centos/ERA5_workflow/.snakemake/log/2021-02-01T164331.193562.snakemake.log
