Building DAG of jobs...
Using shell: /usr/bin/bash
Provided cores: 2
Rules claiming more threads will be scaled down.
Job counts:
	count	jobs
	1	all
	1	annual_average
	36	seasonal_average
	38
Select jobs to execute...

[Tue Feb  2 12:40:21 2021]
rule seasonal_average:
    input: /opt/uio/flexpart/ERA5/era5.single_level.surface_pressure.monthly.2017-2019.nc
    output: /opt/uio/flexpart/ERA5/era5.single_level.surface_pressure.MAM_avg.2017-2019.nc
    jobid: 3
    wildcards: level=single_level, varName=surface_pressure, season=MAM, sdate=2017, edate=2019


[Tue Feb  2 12:40:21 2021]
rule seasonal_average:
    input: /opt/uio/flexpart/ERA5/era5.1000hpa.Geopotential.monthly.2017-2019.nc
    output: /opt/uio/flexpart/ERA5/era5.1000hpa.Geopotential.SON_avg.2017-2019.nc
    jobid: 9
    wildcards: level=1000hpa, varName=Geopotential, season=SON, sdate=2017, edate=2019

[Tue Feb  2 12:40:21 2021]
Finished job 9.
1 of 38 steps (3%) done
[Tue Feb  2 12:40:21 2021]
Finished job 3.
2 of 38 steps (5%) done
Select jobs to execute...

[Tue Feb  2 12:40:21 2021]
rule seasonal_average:
    input: /opt/uio/flexpart/ERA5/era5.250hpa.GeopotHeight.monthly.2017-2019.nc
    output: /opt/uio/flexpart/ERA5/era5.250hpa.GeopotHeight.JJA_avg.2017-2019.nc
    jobid: 40
    wildcards: level=250hpa, varName=GeopotHeight, season=JJA, sdate=2017, edate=2019


[Tue Feb  2 12:40:21 2021]
rule seasonal_average:
    input: /opt/uio/flexpart/ERA5/era5.250hpa.GeopotHeight.monthly.2017-2019.nc
    output: /opt/uio/flexpart/ERA5/era5.250hpa.GeopotHeight.DJF_avg.2017-2019.nc
    jobid: 38
    wildcards: level=250hpa, varName=GeopotHeight, season=DJF, sdate=2017, edate=2019

Select jobs to execute...
[Tue Feb  2 12:40:22 2021]
Finished job 40.
3 of 38 steps (8%) done
Select jobs to execute...
[Tue Feb  2 12:40:22 2021]
Finished job 38.
4 of 38 steps (11%) done

[Tue Feb  2 12:40:22 2021]
rule seasonal_average:
    input: /opt/uio/flexpart/ERA5/era5.500hpa.Geopotential.monthly.2017-2019.nc
    output: /opt/uio/flexpart/ERA5/era5.500hpa.Geopotential.MAM_avg.2017-2019.nc
    jobid: 15
    wildcards: level=500hpa, varName=Geopotential, season=MAM, sdate=2017, edate=2019

Select jobs to execute...

[Tue Feb  2 12:40:22 2021]
rule seasonal_average:
    input: /opt/uio/flexpart/ERA5/era5.500hpa.GeopotHeight.monthly.2017-2019.nc
    output: /opt/uio/flexpart/ERA5/era5.500hpa.GeopotHeight.DJF_avg.2017-2019.nc
    jobid: 34
    wildcards: level=500hpa, varName=GeopotHeight, season=DJF, sdate=2017, edate=2019

[Tue Feb  2 12:40:22 2021]
Finished job 15.
5 of 38 steps (13%) done
Select jobs to execute...

[Tue Feb  2 12:40:22 2021]
rule seasonal_average:
    input: /opt/uio/flexpart/ERA5/era5.250hpa.GeopotHeight.monthly.2017-2019.nc
    output: /opt/uio/flexpart/ERA5/era5.250hpa.GeopotHeight.SON_avg.2017-2019.nc
    jobid: 41
    wildcards: level=250hpa, varName=GeopotHeight, season=SON, sdate=2017, edate=2019

[Tue Feb  2 12:40:22 2021]
Finished job 34.
6 of 38 steps (16%) done
Select jobs to execute...

[Tue Feb  2 12:40:22 2021]
rule seasonal_average:
    input: /opt/uio/flexpart/ERA5/era5.1000hpa.GeopotHeight.monthly.2017-2019.nc
    output: /opt/uio/flexpart/ERA5/era5.1000hpa.GeopotHeight.DJF_avg.2017-2019.nc
    jobid: 26
    wildcards: level=1000hpa, varName=GeopotHeight, season=DJF, sdate=2017, edate=2019

[Tue Feb  2 12:40:22 2021]
Finished job 41.
7 of 38 steps (18%) done
Select jobs to execute...
[Tue Feb  2 12:40:22 2021]
Finished job 26.
8 of 38 steps (21%) done

[Tue Feb  2 12:40:22 2021]
rule seasonal_average:
    input: /opt/uio/flexpart/ERA5/era5.250hpa.Geopotential.monthly.2017-2019.nc
    output: /opt/uio/flexpart/ERA5/era5.250hpa.Geopotential.MAM_avg.2017-2019.nc
    jobid: 19
    wildcards: level=250hpa, varName=Geopotential, season=MAM, sdate=2017, edate=2019

Select jobs to execute...

[Tue Feb  2 12:40:23 2021]
rule seasonal_average:
    input: /opt/uio/flexpart/ERA5/era5.850hpa.Geopotential.monthly.2017-2019.nc
    output: /opt/uio/flexpart/ERA5/era5.850hpa.Geopotential.MAM_avg.2017-2019.nc
    jobid: 11
    wildcards: level=850hpa, varName=Geopotential, season=MAM, sdate=2017, edate=2019

[Tue Feb  2 12:40:23 2021]
Finished job 19.
9 of 38 steps (24%) done
Select jobs to execute...
[Tue Feb  2 12:40:23 2021]
Finished job 11.
10 of 38 steps (26%) done

[Tue Feb  2 12:40:23 2021]
rule seasonal_average:
    input: /opt/uio/flexpart/ERA5/era5.1000hpa.GeopotHeight.monthly.2017-2019.nc
    output: /opt/uio/flexpart/ERA5/era5.1000hpa.GeopotHeight.MAM_avg.2017-2019.nc
    jobid: 27
    wildcards: level=1000hpa, varName=GeopotHeight, season=MAM, sdate=2017, edate=2019

Select jobs to execute...

[Tue Feb  2 12:40:23 2021]
rule seasonal_average:
    input: /opt/uio/flexpart/ERA5/era5.single_level.surface_pressure.monthly.2017-2019.nc
    output: /opt/uio/flexpart/ERA5/era5.single_level.surface_pressure.SON_avg.2017-2019.nc
    jobid: 5
    wildcards: level=single_level, varName=surface_pressure, season=SON, sdate=2017, edate=2019

[Tue Feb  2 12:40:23 2021]
Finished job 27.
11 of 38 steps (29%) done
Select jobs to execute...

[Tue Feb  2 12:40:23 2021]
rule seasonal_average:
    input: /opt/uio/flexpart/ERA5/era5.250hpa.Geopotential.monthly.2017-2019.nc
    output: /opt/uio/flexpart/ERA5/era5.250hpa.Geopotential.JJA_avg.2017-2019.nc
    jobid: 20
    wildcards: level=250hpa, varName=Geopotential, season=JJA, sdate=2017, edate=2019

[Tue Feb  2 12:40:23 2021]
Finished job 5.
12 of 38 steps (32%) done
Select jobs to execute...

[Tue Feb  2 12:40:24 2021]
rule seasonal_average:
    input: /opt/uio/flexpart/ERA5/era5.500hpa.GeopotHeight.monthly.2017-2019.nc
    output: /opt/uio/flexpart/ERA5/era5.500hpa.GeopotHeight.MAM_avg.2017-2019.nc
    jobid: 35
    wildcards: level=500hpa, varName=GeopotHeight, season=MAM, sdate=2017, edate=2019

[Tue Feb  2 12:40:24 2021]
Finished job 20.
13 of 38 steps (34%) done
Select jobs to execute...

[Tue Feb  2 12:40:24 2021]
rule seasonal_average:
    input: /opt/uio/flexpart/ERA5/era5.850hpa.Geopotential.monthly.2017-2019.nc
    output: /opt/uio/flexpart/ERA5/era5.850hpa.Geopotential.JJA_avg.2017-2019.nc
    jobid: 12
    wildcards: level=850hpa, varName=Geopotential, season=JJA, sdate=2017, edate=2019

[Tue Feb  2 12:40:24 2021]
Finished job 35.
14 of 38 steps (37%) done
Select jobs to execute...

[Tue Feb  2 12:40:24 2021]
rule seasonal_average:
    input: /opt/uio/flexpart/ERA5/era5.250hpa.Geopotential.monthly.2017-2019.nc
    output: /opt/uio/flexpart/ERA5/era5.250hpa.Geopotential.SON_avg.2017-2019.nc
    jobid: 21
    wildcards: level=250hpa, varName=Geopotential, season=SON, sdate=2017, edate=2019

[Tue Feb  2 12:40:24 2021]
Finished job 12.
15 of 38 steps (39%) done
Select jobs to execute...

[Tue Feb  2 12:40:24 2021]
rule seasonal_average:
    input: /opt/uio/flexpart/ERA5/era5.500hpa.GeopotHeight.monthly.2017-2019.nc
    output: /opt/uio/flexpart/ERA5/era5.500hpa.GeopotHeight.JJA_avg.2017-2019.nc
    jobid: 36
    wildcards: level=500hpa, varName=GeopotHeight, season=JJA, sdate=2017, edate=2019

[Tue Feb  2 12:40:24 2021]
Finished job 21.
16 of 38 steps (42%) done
Select jobs to execute...

[Tue Feb  2 12:40:24 2021]
rule seasonal_average:
    input: /opt/uio/flexpart/ERA5/era5.1000hpa.Geopotential.monthly.2017-2019.nc
    output: /opt/uio/flexpart/ERA5/era5.1000hpa.Geopotential.DJF_avg.2017-2019.nc
    jobid: 6
    wildcards: level=1000hpa, varName=Geopotential, season=DJF, sdate=2017, edate=2019

[Tue Feb  2 12:40:24 2021]
Finished job 36.
17 of 38 steps (45%) done
Select jobs to execute...

[Tue Feb  2 12:40:25 2021]
rule seasonal_average:
    input: /opt/uio/flexpart/ERA5/era5.1000hpa.GeopotHeight.monthly.2017-2019.nc
    output: /opt/uio/flexpart/ERA5/era5.1000hpa.GeopotHeight.JJA_avg.2017-2019.nc
    jobid: 28
    wildcards: level=1000hpa, varName=GeopotHeight, season=JJA, sdate=2017, edate=2019

[Tue Feb  2 12:40:25 2021]
Finished job 6.
18 of 38 steps (47%) done
Select jobs to execute...

[Tue Feb  2 12:40:25 2021]
rule seasonal_average:
    input: /opt/uio/flexpart/ERA5/era5.850hpa.Geopotential.monthly.2017-2019.nc
    output: /opt/uio/flexpart/ERA5/era5.850hpa.Geopotential.SON_avg.2017-2019.nc
    jobid: 13
    wildcards: level=850hpa, varName=Geopotential, season=SON, sdate=2017, edate=2019

[Tue Feb  2 12:40:25 2021]
Finished job 28.
19 of 38 steps (50%) done
Select jobs to execute...

[Tue Feb  2 12:40:25 2021]
rule annual_average:
    input: /opt/uio/flexpart/ERA5/era5.single_level.surface_pressure.monthly.2017-2019.nc
    output: /opt/uio/flexpart/ERA5/era5.single_level.surface_pressure.annual.2017-2019.nc
    jobid: 1
    wildcards: level=single_level, varName=surface_pressure, sdate=2017, edate=2019

[Tue Feb  2 12:40:25 2021]
Finished job 13.
20 of 38 steps (53%) done
Select jobs to execute...

[Tue Feb  2 12:40:25 2021]
rule seasonal_average:
    input: /opt/uio/flexpart/ERA5/era5.1000hpa.Geopotential.monthly.2017-2019.nc
    output: /opt/uio/flexpart/ERA5/era5.1000hpa.Geopotential.JJA_avg.2017-2019.nc
    jobid: 8
    wildcards: level=1000hpa, varName=Geopotential, season=JJA, sdate=2017, edate=2019

[Tue Feb  2 12:40:26 2021]
Finished job 8.
21 of 38 steps (55%) done
Select jobs to execute...

[Tue Feb  2 12:40:26 2021]
rule seasonal_average:
    input: /opt/uio/flexpart/ERA5/era5.500hpa.GeopotHeight.monthly.2017-2019.nc
    output: /opt/uio/flexpart/ERA5/era5.500hpa.GeopotHeight.SON_avg.2017-2019.nc
    jobid: 37
    wildcards: level=500hpa, varName=GeopotHeight, season=SON, sdate=2017, edate=2019

[Tue Feb  2 12:40:26 2021]
Finished job 1.
22 of 38 steps (58%) done
Select jobs to execute...

[Tue Feb  2 12:40:26 2021]
rule seasonal_average:
    input: /opt/uio/flexpart/ERA5/era5.500hpa.Geopotential.monthly.2017-2019.nc
    output: /opt/uio/flexpart/ERA5/era5.500hpa.Geopotential.JJA_avg.2017-2019.nc
    jobid: 16
    wildcards: level=500hpa, varName=Geopotential, season=JJA, sdate=2017, edate=2019

[Tue Feb  2 12:40:26 2021]
Finished job 37.
23 of 38 steps (61%) done
Select jobs to execute...

[Tue Feb  2 12:40:26 2021]
rule seasonal_average:
    input: /opt/uio/flexpart/ERA5/era5.850hpa.GeopotHeight.monthly.2017-2019.nc
    output: /opt/uio/flexpart/ERA5/era5.850hpa.GeopotHeight.MAM_avg.2017-2019.nc
    jobid: 31
    wildcards: level=850hpa, varName=GeopotHeight, season=MAM, sdate=2017, edate=2019

[Tue Feb  2 12:40:26 2021]
Finished job 16.
24 of 38 steps (63%) done
Select jobs to execute...
[Tue Feb  2 12:40:26 2021]
Finished job 31.
25 of 38 steps (66%) done

[Tue Feb  2 12:40:26 2021]
rule seasonal_average:
    input: /opt/uio/flexpart/ERA5/era5.250hpa.GeopotHeight.monthly.2017-2019.nc
    output: /opt/uio/flexpart/ERA5/era5.250hpa.GeopotHeight.MAM_avg.2017-2019.nc
    jobid: 39
    wildcards: level=250hpa, varName=GeopotHeight, season=MAM, sdate=2017, edate=2019

Select jobs to execute...

[Tue Feb  2 12:40:26 2021]
rule seasonal_average:
    input: /opt/uio/flexpart/ERA5/era5.250hpa.Geopotential.monthly.2017-2019.nc
    output: /opt/uio/flexpart/ERA5/era5.250hpa.Geopotential.DJF_avg.2017-2019.nc
    jobid: 18
    wildcards: level=250hpa, varName=Geopotential, season=DJF, sdate=2017, edate=2019

[Tue Feb  2 12:40:26 2021]
Finished job 39.
26 of 38 steps (68%) done
Select jobs to execute...
[Tue Feb  2 12:40:26 2021]
Finished job 18.
27 of 38 steps (71%) done

[Tue Feb  2 12:40:26 2021]
rule seasonal_average:
    input: /opt/uio/flexpart/ERA5/era5.850hpa.GeopotHeight.monthly.2017-2019.nc
    output: /opt/uio/flexpart/ERA5/era5.850hpa.GeopotHeight.SON_avg.2017-2019.nc
    jobid: 33
    wildcards: level=850hpa, varName=GeopotHeight, season=SON, sdate=2017, edate=2019

Select jobs to execute...

[Tue Feb  2 12:40:26 2021]
rule seasonal_average:
    input: /opt/uio/flexpart/ERA5/era5.single_level.surface_pressure.monthly.2017-2019.nc
    output: /opt/uio/flexpart/ERA5/era5.single_level.surface_pressure.DJF_avg.2017-2019.nc
    jobid: 2
    wildcards: level=single_level, varName=surface_pressure, season=DJF, sdate=2017, edate=2019

[Tue Feb  2 12:40:27 2021]
Finished job 33.
28 of 38 steps (74%) done
[Tue Feb  2 12:40:27 2021]
Finished job 2.
29 of 38 steps (76%) done
Select jobs to execute...

[Tue Feb  2 12:40:27 2021]
rule seasonal_average:
    input: /opt/uio/flexpart/ERA5/era5.single_level.surface_pressure.monthly.2017-2019.nc
    output: /opt/uio/flexpart/ERA5/era5.single_level.surface_pressure.JJA_avg.2017-2019.nc
    jobid: 4
    wildcards: level=single_level, varName=surface_pressure, season=JJA, sdate=2017, edate=2019


[Tue Feb  2 12:40:27 2021]
rule seasonal_average:
    input: /opt/uio/flexpart/ERA5/era5.850hpa.GeopotHeight.monthly.2017-2019.nc
    output: /opt/uio/flexpart/ERA5/era5.850hpa.GeopotHeight.DJF_avg.2017-2019.nc
    jobid: 30
    wildcards: level=850hpa, varName=GeopotHeight, season=DJF, sdate=2017, edate=2019

Select jobs to execute...
[Tue Feb  2 12:40:27 2021]
Finished job 30.
30 of 38 steps (79%) done
Select jobs to execute...
[Tue Feb  2 12:40:27 2021]
Finished job 4.
31 of 38 steps (82%) done

[Tue Feb  2 12:40:27 2021]
rule seasonal_average:
    input: /opt/uio/flexpart/ERA5/era5.500hpa.Geopotential.monthly.2017-2019.nc
    output: /opt/uio/flexpart/ERA5/era5.500hpa.Geopotential.DJF_avg.2017-2019.nc
    jobid: 14
    wildcards: level=500hpa, varName=Geopotential, season=DJF, sdate=2017, edate=2019

Select jobs to execute...

[Tue Feb  2 12:40:27 2021]
rule seasonal_average:
    input: /opt/uio/flexpart/ERA5/era5.1000hpa.GeopotHeight.monthly.2017-2019.nc
    output: /opt/uio/flexpart/ERA5/era5.1000hpa.GeopotHeight.SON_avg.2017-2019.nc
    jobid: 29
    wildcards: level=1000hpa, varName=GeopotHeight, season=SON, sdate=2017, edate=2019

[Tue Feb  2 12:40:27 2021]
Finished job 14.
32 of 38 steps (84%) done
Select jobs to execute...
[Tue Feb  2 12:40:27 2021]
Finished job 29.
33 of 38 steps (87%) done

[Tue Feb  2 12:40:27 2021]
rule seasonal_average:
    input: /opt/uio/flexpart/ERA5/era5.850hpa.GeopotHeight.monthly.2017-2019.nc
    output: /opt/uio/flexpart/ERA5/era5.850hpa.GeopotHeight.JJA_avg.2017-2019.nc
    jobid: 32
    wildcards: level=850hpa, varName=GeopotHeight, season=JJA, sdate=2017, edate=2019

Select jobs to execute...

[Tue Feb  2 12:40:27 2021]
rule seasonal_average:
    input: /opt/uio/flexpart/ERA5/era5.850hpa.Geopotential.monthly.2017-2019.nc
    output: /opt/uio/flexpart/ERA5/era5.850hpa.Geopotential.DJF_avg.2017-2019.nc
    jobid: 10
    wildcards: level=850hpa, varName=Geopotential, season=DJF, sdate=2017, edate=2019

[Tue Feb  2 12:40:28 2021]
Finished job 32.
34 of 38 steps (89%) done
Select jobs to execute...

[Tue Feb  2 12:40:28 2021]
rule seasonal_average:
    input: /opt/uio/flexpart/ERA5/era5.1000hpa.Geopotential.monthly.2017-2019.nc
    output: /opt/uio/flexpart/ERA5/era5.1000hpa.Geopotential.MAM_avg.2017-2019.nc
    jobid: 7
    wildcards: level=1000hpa, varName=Geopotential, season=MAM, sdate=2017, edate=2019

[Tue Feb  2 12:40:28 2021]
Finished job 10.
35 of 38 steps (92%) done
Select jobs to execute...

[Tue Feb  2 12:40:28 2021]
rule seasonal_average:
    input: /opt/uio/flexpart/ERA5/era5.500hpa.Geopotential.monthly.2017-2019.nc
    output: /opt/uio/flexpart/ERA5/era5.500hpa.Geopotential.SON_avg.2017-2019.nc
    jobid: 17
    wildcards: level=500hpa, varName=Geopotential, season=SON, sdate=2017, edate=2019

[Tue Feb  2 12:40:28 2021]
Finished job 7.
36 of 38 steps (95%) done
[Tue Feb  2 12:40:28 2021]
Finished job 17.
37 of 38 steps (97%) done
Select jobs to execute...

[Tue Feb  2 12:40:28 2021]
localrule all:
    input: /opt/uio/flexpart/ERA5/era5.1000hpa.Geopotential.monthly.2017-2019.nc, /opt/uio/flexpart/ERA5/era5.850hpa.Geopotential.monthly.2017-2019.nc, /opt/uio/flexpart/ERA5/era5.500hpa.Geopotential.monthly.2017-2019.nc, /opt/uio/flexpart/ERA5/era5.250hpa.Geopotential.monthly.2017-2019.nc, /opt/uio/flexpart/ERA5/era5.single_level.surface_pressure.monthly.2017-2019.nc, /opt/uio/flexpart/ERA5/era5.single_level.surface_pressure.annual.2017-2019.nc, /opt/uio/flexpart/ERA5/era5.single_level.surface_pressure.DJF_avg.2017-2019.nc, /opt/uio/flexpart/ERA5/era5.single_level.surface_pressure.MAM_avg.2017-2019.nc, /opt/uio/flexpart/ERA5/era5.single_level.surface_pressure.JJA_avg.2017-2019.nc, /opt/uio/flexpart/ERA5/era5.single_level.surface_pressure.SON_avg.2017-2019.nc, /opt/uio/flexpart/ERA5/era5.1000hpa.Geopotential.DJF_avg.2017-2019.nc, /opt/uio/flexpart/ERA5/era5.1000hpa.Geopotential.MAM_avg.2017-2019.nc, /opt/uio/flexpart/ERA5/era5.1000hpa.Geopotential.JJA_avg.2017-2019.nc, /opt/uio/flexpart/ERA5/era5.1000hpa.Geopotential.SON_avg.2017-2019.nc, /opt/uio/flexpart/ERA5/era5.850hpa.Geopotential.DJF_avg.2017-2019.nc, /opt/uio/flexpart/ERA5/era5.850hpa.Geopotential.MAM_avg.2017-2019.nc, /opt/uio/flexpart/ERA5/era5.850hpa.Geopotential.JJA_avg.2017-2019.nc, /opt/uio/flexpart/ERA5/era5.850hpa.Geopotential.SON_avg.2017-2019.nc, /opt/uio/flexpart/ERA5/era5.500hpa.Geopotential.DJF_avg.2017-2019.nc, /opt/uio/flexpart/ERA5/era5.500hpa.Geopotential.MAM_avg.2017-2019.nc, /opt/uio/flexpart/ERA5/era5.500hpa.Geopotential.JJA_avg.2017-2019.nc, /opt/uio/flexpart/ERA5/era5.500hpa.Geopotential.SON_avg.2017-2019.nc, /opt/uio/flexpart/ERA5/era5.250hpa.Geopotential.DJF_avg.2017-2019.nc, /opt/uio/flexpart/ERA5/era5.250hpa.Geopotential.MAM_avg.2017-2019.nc, /opt/uio/flexpart/ERA5/era5.250hpa.Geopotential.JJA_avg.2017-2019.nc, /opt/uio/flexpart/ERA5/era5.250hpa.Geopotential.SON_avg.2017-2019.nc, /opt/uio/flexpart/ERA5/era5.1000hpa.GeopotHeight.monthly.2017-2019.nc, /opt/uio/flexpart/ERA5/era5.850hpa.GeopotHeight.monthly.2017-2019.nc, /opt/uio/flexpart/ERA5/era5.500hpa.GeopotHeight.monthly.2017-2019.nc, /opt/uio/flexpart/ERA5/era5.250hpa.GeopotHeight.monthly.2017-2019.nc, /opt/uio/flexpart/ERA5/era5.1000hpa.GeopotHeight.DJF_avg.2017-2019.nc, /opt/uio/flexpart/ERA5/era5.1000hpa.GeopotHeight.MAM_avg.2017-2019.nc, /opt/uio/flexpart/ERA5/era5.1000hpa.GeopotHeight.JJA_avg.2017-2019.nc, /opt/uio/flexpart/ERA5/era5.1000hpa.GeopotHeight.SON_avg.2017-2019.nc, /opt/uio/flexpart/ERA5/era5.850hpa.GeopotHeight.DJF_avg.2017-2019.nc, /opt/uio/flexpart/ERA5/era5.850hpa.GeopotHeight.MAM_avg.2017-2019.nc, /opt/uio/flexpart/ERA5/era5.850hpa.GeopotHeight.JJA_avg.2017-2019.nc, /opt/uio/flexpart/ERA5/era5.850hpa.GeopotHeight.SON_avg.2017-2019.nc, /opt/uio/flexpart/ERA5/era5.500hpa.GeopotHeight.DJF_avg.2017-2019.nc, /opt/uio/flexpart/ERA5/era5.500hpa.GeopotHeight.MAM_avg.2017-2019.nc, /opt/uio/flexpart/ERA5/era5.500hpa.GeopotHeight.JJA_avg.2017-2019.nc, /opt/uio/flexpart/ERA5/era5.500hpa.GeopotHeight.SON_avg.2017-2019.nc, /opt/uio/flexpart/ERA5/era5.250hpa.GeopotHeight.DJF_avg.2017-2019.nc, /opt/uio/flexpart/ERA5/era5.250hpa.GeopotHeight.MAM_avg.2017-2019.nc, /opt/uio/flexpart/ERA5/era5.250hpa.GeopotHeight.JJA_avg.2017-2019.nc, /opt/uio/flexpart/ERA5/era5.250hpa.GeopotHeight.SON_avg.2017-2019.nc
    jobid: 0

[Tue Feb  2 12:40:28 2021]
Finished job 0.
38 of 38 steps (100%) done
Complete log: /home/centos/ERA5_workflow/.snakemake/log/2021-02-02T124021.216691.snakemake.log
