Building DAG of jobs...
Using shell: /usr/bin/bash
Provided cores: 1 (use --cores to define parallelism)
Rules claiming more threads will be scaled down.
Job counts:
	count	jobs
	1	all
	2	download_monthly_era5
	3
Select jobs to execute...

[Sun Jan 31 20:10:57 2021]
Job 2: downloading era5.850.temperature.monthly.2018-2019.nc

[Sun Jan 31 20:11:20 2021]
Finished job 2.
1 of 3 steps (33%) done
Select jobs to execute...

[Sun Jan 31 20:11:20 2021]
Job 1: downloading era5.1000.temperature.monthly.2018-2019.nc

[Sun Jan 31 20:11:30 2021]
Finished job 1.
2 of 3 steps (67%) done
Select jobs to execute...

[Sun Jan 31 20:11:30 2021]
localrule all:
    input: era5.1000.temperature.monthly.2018-2019.nc, era5.850.temperature.monthly.2018-2019.nc
    jobid: 0

[Sun Jan 31 20:11:30 2021]
Finished job 0.
3 of 3 steps (100%) done
Complete log: /home/centos/ERA5_workflow/.snakemake/log/2021-01-31T201056.985806.snakemake.log
