Building DAG of jobs...
Using shell: /usr/bin/bash
Provided cores: 2
Rules claiming more threads will be scaled down.
Job counts:
	count	jobs
	1	all
	4	geopotential_to_geopotential_height
	5
Select jobs to execute...

[Mon Feb  1 16:20:56 2021]
rule geopotential_to_geopotential_height:
    input: /opt/uio/flexpart/ERA5/era5.1000hpa.Geopotential.monthly.2017-2019.nc
    output: /opt/uio/flexpart/ERA5/era5.1000hpa.GeopotHeight.monthly.2017-2019.nc
    jobid: 22
    wildcards: plevel=1000, sdate=2017, edate=2019


[Mon Feb  1 16:20:56 2021]
rule geopotential_to_geopotential_height:
    input: /opt/uio/flexpart/ERA5/era5.850hpa.Geopotential.monthly.2017-2019.nc
    output: /opt/uio/flexpart/ERA5/era5.850hpa.GeopotHeight.monthly.2017-2019.nc
    jobid: 23
    wildcards: plevel=850, sdate=2017, edate=2019

[Mon Feb  1 16:20:59 2021]
Error in rule geopotential_to_geopotential_height:
    jobid: 23
    output: /opt/uio/flexpart/ERA5/era5.850hpa.GeopotHeight.monthly.2017-2019.nc
    shell:
        
        ncap2 -v -s'z=z*9.80665' /opt/uio/flexpart/ERA5/era5.850hpa.Geopotential.monthly.2017-2019.nc /opt/uio/flexpart/ERA5/era5.850hpa.GeopotHeight.monthly.2017-2019.nc 
        ncatted -a units,z,o,c,'m' /opt/uio/flexpart/ERA5/era5.850hpa.GeopotHeight.monthly.2017-2019.nc
        ncatted -a long_name,z,o,c,'Geopotential height' /opt/uio/flexpart/ERA5/era5.850hpa.GeopotHeight.monthly.2017-2019.nc  
        ncatted -a standard_name,z,o,c 'geopotential height' /opt/uio/flexpart/ERA5/era5.850hpa.GeopotHeight.monthly.2017-2019.nc
        ncrename v z,Z /opt/uio/flexpart/ERA5/era5.850hpa.GeopotHeight.monthly.2017-2019.nc
        
        (one of the commands exited with non-zero exit code; note that snakemake uses bash strict mode!)

Removing output files of failed job geopotential_to_geopotential_height since they might be corrupted:
/opt/uio/flexpart/ERA5/era5.850hpa.GeopotHeight.monthly.2017-2019.nc
[Mon Feb  1 16:20:59 2021]
Error in rule geopotential_to_geopotential_height:
    jobid: 22
    output: /opt/uio/flexpart/ERA5/era5.1000hpa.GeopotHeight.monthly.2017-2019.nc
    shell:
        
        ncap2 -v -s'z=z*9.80665' /opt/uio/flexpart/ERA5/era5.1000hpa.Geopotential.monthly.2017-2019.nc /opt/uio/flexpart/ERA5/era5.1000hpa.GeopotHeight.monthly.2017-2019.nc 
        ncatted -a units,z,o,c,'m' /opt/uio/flexpart/ERA5/era5.1000hpa.GeopotHeight.monthly.2017-2019.nc
        ncatted -a long_name,z,o,c,'Geopotential height' /opt/uio/flexpart/ERA5/era5.1000hpa.GeopotHeight.monthly.2017-2019.nc  
        ncatted -a standard_name,z,o,c 'geopotential height' /opt/uio/flexpart/ERA5/era5.1000hpa.GeopotHeight.monthly.2017-2019.nc
        ncrename v z,Z /opt/uio/flexpart/ERA5/era5.1000hpa.GeopotHeight.monthly.2017-2019.nc
        
        (one of the commands exited with non-zero exit code; note that snakemake uses bash strict mode!)

Removing output files of failed job geopotential_to_geopotential_height since they might be corrupted:
/opt/uio/flexpart/ERA5/era5.1000hpa.GeopotHeight.monthly.2017-2019.nc
Shutting down, this might take some time.
Exiting because a job execution failed. Look above for error message
Complete log: /home/centos/ERA5_workflow/.snakemake/log/2021-02-01T162056.013158.snakemake.log
