Building DAG of jobs...
Using shell: /usr/bin/bash
Provided cores: 2
Rules claiming more threads will be scaled down.
Job counts:
	count	jobs
	1	all
	1	annual_average
	1	create_anomaly
	3
Select jobs to execute...

[Mon Feb  1 11:12:03 2021]
rule annual_average:
    input: /opt/uio/flexpart/ERA5/era5.single_level.surface_pressure.monthly.2017-2019.nc
    output: /opt/uio/flexpart/ERA5/era5.single_level.surface_pressure.annual_avg.2017-2019.nc
    jobid: 5
    wildcards: level=single_level, varName=surface_pressure, sdate=2017, edate=2019

[Mon Feb  1 11:12:03 2021]
Finished job 5.
1 of 3 steps (33%) done
Select jobs to execute...

[Mon Feb  1 11:12:03 2021]
rule create_anomaly:
    input: /opt/uio/flexpart/ERA5/era5.single_level.surface_pressure.monthly.2017-2019.nc, /opt/uio/flexpart/ERA5/era5.single_level.surface_pressure.annual_avg.2017-2019.nc
    output: /opt/uio/flexpart/ERA5/era5.single_level.surface_pressure.anomaly.2017-2019.nc
    jobid: 4
    wildcards: level=single_level, varName=surface_pressure, sdate=2017, edate=2019

RuleException in line 18 of /home/centos/ERA5_workflow/Snakefile:
'InputFiles' object has no attribute 'annual_avg'
  File "/opt/uio/python/miniconda3/envs/ERA5_workflow/lib/python3.9/site-packages/snakemake/executors/__init__.py", line 136, in run_jobs
  File "/opt/uio/python/miniconda3/envs/ERA5_workflow/lib/python3.9/site-packages/snakemake/executors/__init__.py", line 441, in run
  File "/opt/uio/python/miniconda3/envs/ERA5_workflow/lib/python3.9/site-packages/snakemake/executors/__init__.py", line 230, in _run
  File "/opt/uio/python/miniconda3/envs/ERA5_workflow/lib/python3.9/site-packages/snakemake/executors/__init__.py", line 156, in _run
  File "/opt/uio/python/miniconda3/envs/ERA5_workflow/lib/python3.9/site-packages/snakemake/executors/__init__.py", line 162, in printjob
