Building DAG of jobs...
Using shell: /usr/bin/bash
Provided cores: 2
Rules claiming more threads will be scaled down.
Job counts:
	count	jobs
	1	all
	1	annual_average
	4	geopotential_to_geopotential_height
	36	seasonal_average
	42
Select jobs to execute...

[Tue Feb  2 13:02:06 2021]
rule seasonal_average:
    input: /opt/uio/flexpart/ERA5/era5.850hpa.Geopotential.monthly.2017-2019.nc
    output: /opt/uio/flexpart/ERA5/era5.850hpa.Geopotential.MAM_avg.2017-2019.nc
    jobid: 11
    wildcards: level=850hpa, varName=Geopotential, season=MAM, sdate=2017, edate=2019


[Tue Feb  2 13:02:06 2021]
rule seasonal_average:
    input: /opt/uio/flexpart/ERA5/era5.single_level.surface_pressure.monthly.2017-2019.nc
    output: /opt/uio/flexpart/ERA5/era5.single_level.surface_pressure.DJF_avg.2017-2019.nc
    jobid: 2
    wildcards: level=single_level, varName=surface_pressure, season=DJF, sdate=2017, edate=2019

[Tue Feb  2 13:02:06 2021]
Finished job 2.
1 of 42 steps (2%) done
Select jobs to execute...
[Tue Feb  2 13:02:06 2021]
Finished job 11.
2 of 42 steps (5%) done

[Tue Feb  2 13:02:06 2021]
rule seasonal_average:
    input: /opt/uio/flexpart/ERA5/era5.250hpa.Geopotential.monthly.2017-2019.nc
    output: /opt/uio/flexpart/ERA5/era5.250hpa.Geopotential.MAM_avg.2017-2019.nc
    jobid: 19
    wildcards: level=250hpa, varName=Geopotential, season=MAM, sdate=2017, edate=2019

Select jobs to execute...

[Tue Feb  2 13:02:06 2021]
rule seasonal_average:
    input: /opt/uio/flexpart/ERA5/era5.single_level.surface_pressure.monthly.2017-2019.nc
    output: /opt/uio/flexpart/ERA5/era5.single_level.surface_pressure.SON_avg.2017-2019.nc
    jobid: 5
    wildcards: level=single_level, varName=surface_pressure, season=SON, sdate=2017, edate=2019

[Tue Feb  2 13:02:06 2021]
Finished job 19.
3 of 42 steps (7%) done
Select jobs to execute...
[Tue Feb  2 13:02:06 2021]
Finished job 5.
4 of 42 steps (10%) done

[Tue Feb  2 13:02:06 2021]
rule seasonal_average:
    input: /opt/uio/flexpart/ERA5/era5.250hpa.Geopotential.monthly.2017-2019.nc
    output: /opt/uio/flexpart/ERA5/era5.250hpa.Geopotential.JJA_avg.2017-2019.nc
    jobid: 20
    wildcards: level=250hpa, varName=Geopotential, season=JJA, sdate=2017, edate=2019

Select jobs to execute...

[Tue Feb  2 13:02:07 2021]
rule seasonal_average:
    input: /opt/uio/flexpart/ERA5/era5.850hpa.Geopotential.monthly.2017-2019.nc
    output: /opt/uio/flexpart/ERA5/era5.850hpa.Geopotential.JJA_avg.2017-2019.nc
    jobid: 12
    wildcards: level=850hpa, varName=Geopotential, season=JJA, sdate=2017, edate=2019

[Tue Feb  2 13:02:07 2021]
Finished job 20.
5 of 42 steps (12%) done
Select jobs to execute...

[Tue Feb  2 13:02:07 2021]
rule seasonal_average:
    input: /opt/uio/flexpart/ERA5/era5.1000hpa.Geopotential.monthly.2017-2019.nc
    output: /opt/uio/flexpart/ERA5/era5.1000hpa.Geopotential.DJF_avg.2017-2019.nc
    jobid: 6
    wildcards: level=1000hpa, varName=Geopotential, season=DJF, sdate=2017, edate=2019

[Tue Feb  2 13:02:07 2021]
Finished job 12.
6 of 42 steps (14%) done
Select jobs to execute...

[Tue Feb  2 13:02:07 2021]
rule seasonal_average:
    input: /opt/uio/flexpart/ERA5/era5.single_level.surface_pressure.monthly.2017-2019.nc
    output: /opt/uio/flexpart/ERA5/era5.single_level.surface_pressure.JJA_avg.2017-2019.nc
    jobid: 4
    wildcards: level=single_level, varName=surface_pressure, season=JJA, sdate=2017, edate=2019

[Tue Feb  2 13:02:07 2021]
Finished job 6.
7 of 42 steps (17%) done
Select jobs to execute...
[Tue Feb  2 13:02:07 2021]
Finished job 4.
8 of 42 steps (19%) done

[Tue Feb  2 13:02:07 2021]
rule seasonal_average:
    input: /opt/uio/flexpart/ERA5/era5.850hpa.Geopotential.monthly.2017-2019.nc
    output: /opt/uio/flexpart/ERA5/era5.850hpa.Geopotential.SON_avg.2017-2019.nc
    jobid: 13
    wildcards: level=850hpa, varName=Geopotential, season=SON, sdate=2017, edate=2019

Select jobs to execute...

[Tue Feb  2 13:02:08 2021]
rule annual_average:
    input: /opt/uio/flexpart/ERA5/era5.single_level.surface_pressure.monthly.2017-2019.nc
    output: /opt/uio/flexpart/ERA5/era5.single_level.surface_pressure.annual.2017-2019.nc
    jobid: 1
    wildcards: level=single_level, varName=surface_pressure, sdate=2017, edate=2019

[Tue Feb  2 13:02:08 2021]
Finished job 13.
9 of 42 steps (21%) done
Select jobs to execute...

[Tue Feb  2 13:02:08 2021]
rule seasonal_average:
    input: /opt/uio/flexpart/ERA5/era5.500hpa.Geopotential.monthly.2017-2019.nc
    output: /opt/uio/flexpart/ERA5/era5.500hpa.Geopotential.DJF_avg.2017-2019.nc
    jobid: 14
    wildcards: level=500hpa, varName=Geopotential, season=DJF, sdate=2017, edate=2019

[Tue Feb  2 13:02:08 2021]
Finished job 14.
10 of 42 steps (24%) done
Select jobs to execute...

[Tue Feb  2 13:02:08 2021]
rule seasonal_average:
    input: /opt/uio/flexpart/ERA5/era5.1000hpa.Geopotential.monthly.2017-2019.nc
    output: /opt/uio/flexpart/ERA5/era5.1000hpa.Geopotential.SON_avg.2017-2019.nc
    jobid: 9
    wildcards: level=1000hpa, varName=Geopotential, season=SON, sdate=2017, edate=2019

[Tue Feb  2 13:02:08 2021]
Finished job 1.
11 of 42 steps (26%) done
Select jobs to execute...

[Tue Feb  2 13:02:08 2021]
rule seasonal_average:
    input: /opt/uio/flexpart/ERA5/era5.500hpa.Geopotential.monthly.2017-2019.nc
    output: /opt/uio/flexpart/ERA5/era5.500hpa.Geopotential.JJA_avg.2017-2019.nc
    jobid: 16
    wildcards: level=500hpa, varName=Geopotential, season=JJA, sdate=2017, edate=2019

[Tue Feb  2 13:02:08 2021]
Finished job 9.
12 of 42 steps (29%) done
Select jobs to execute...

[Tue Feb  2 13:02:09 2021]
rule geopotential_to_geopotential_height:
    input: /opt/uio/flexpart/ERA5/era5.500hpa.Geopotential.monthly.2017-2019.nc
    output: /opt/uio/flexpart/ERA5/era5.500hpa.GeopotHeight.monthly.2017-2019.nc
    jobid: 24
    wildcards: plevel=500, sdate=2017, edate=2019

[Tue Feb  2 13:02:09 2021]
Finished job 16.
13 of 42 steps (31%) done
Select jobs to execute...

[Tue Feb  2 13:02:09 2021]
rule seasonal_average:
    input: /opt/uio/flexpart/ERA5/era5.single_level.surface_pressure.monthly.2017-2019.nc
    output: /opt/uio/flexpart/ERA5/era5.single_level.surface_pressure.MAM_avg.2017-2019.nc
    jobid: 3
    wildcards: level=single_level, varName=surface_pressure, season=MAM, sdate=2017, edate=2019

[Tue Feb  2 13:02:09 2021]
Finished job 3.
14 of 42 steps (33%) done
Select jobs to execute...

[Tue Feb  2 13:02:09 2021]
rule seasonal_average:
    input: /opt/uio/flexpart/ERA5/era5.250hpa.Geopotential.monthly.2017-2019.nc
    output: /opt/uio/flexpart/ERA5/era5.250hpa.Geopotential.DJF_avg.2017-2019.nc
    jobid: 18
    wildcards: level=250hpa, varName=Geopotential, season=DJF, sdate=2017, edate=2019

[Tue Feb  2 13:02:09 2021]
Finished job 18.
15 of 42 steps (36%) done
Select jobs to execute...

[Tue Feb  2 13:02:09 2021]
rule geopotential_to_geopotential_height:
    input: /opt/uio/flexpart/ERA5/era5.1000hpa.Geopotential.monthly.2017-2019.nc
    output: /opt/uio/flexpart/ERA5/era5.1000hpa.GeopotHeight.monthly.2017-2019.nc
    jobid: 22
    wildcards: plevel=1000, sdate=2017, edate=2019

[Tue Feb  2 13:02:13 2021]
Finished job 24.
16 of 42 steps (38%) done
Select jobs to execute...

[Tue Feb  2 13:02:13 2021]
rule seasonal_average:
    input: /opt/uio/flexpart/ERA5/era5.1000hpa.Geopotential.monthly.2017-2019.nc
    output: /opt/uio/flexpart/ERA5/era5.1000hpa.Geopotential.MAM_avg.2017-2019.nc
    jobid: 7
    wildcards: level=1000hpa, varName=Geopotential, season=MAM, sdate=2017, edate=2019

[Tue Feb  2 13:02:13 2021]
Finished job 7.
17 of 42 steps (40%) done
Select jobs to execute...

[Tue Feb  2 13:02:13 2021]
rule seasonal_average:
    input: /opt/uio/flexpart/ERA5/era5.500hpa.GeopotHeight.monthly.2017-2019.nc
    output: /opt/uio/flexpart/ERA5/era5.500hpa.GeopotHeight.MAM_avg.2017-2019.nc
    jobid: 35
    wildcards: level=500hpa, varName=GeopotHeight, season=MAM, sdate=2017, edate=2019

[Tue Feb  2 13:02:13 2021]
Finished job 35.
18 of 42 steps (43%) done
Select jobs to execute...

[Tue Feb  2 13:02:13 2021]
rule seasonal_average:
    input: /opt/uio/flexpart/ERA5/era5.500hpa.GeopotHeight.monthly.2017-2019.nc
    output: /opt/uio/flexpart/ERA5/era5.500hpa.GeopotHeight.SON_avg.2017-2019.nc
    jobid: 37
    wildcards: level=500hpa, varName=GeopotHeight, season=SON, sdate=2017, edate=2019

[Tue Feb  2 13:02:13 2021]
Finished job 22.
19 of 42 steps (45%) done
Select jobs to execute...

[Tue Feb  2 13:02:14 2021]
rule seasonal_average:
    input: /opt/uio/flexpart/ERA5/era5.500hpa.Geopotential.monthly.2017-2019.nc
    output: /opt/uio/flexpart/ERA5/era5.500hpa.Geopotential.SON_avg.2017-2019.nc
    jobid: 17
    wildcards: level=500hpa, varName=Geopotential, season=SON, sdate=2017, edate=2019

[Tue Feb  2 13:02:14 2021]
Finished job 37.
20 of 42 steps (48%) done
Select jobs to execute...

[Tue Feb  2 13:02:14 2021]
rule geopotential_to_geopotential_height:
    input: /opt/uio/flexpart/ERA5/era5.250hpa.Geopotential.monthly.2017-2019.nc
    output: /opt/uio/flexpart/ERA5/era5.250hpa.GeopotHeight.monthly.2017-2019.nc
    jobid: 25
    wildcards: plevel=250, sdate=2017, edate=2019

[Tue Feb  2 13:02:14 2021]
Finished job 17.
21 of 42 steps (50%) done
Select jobs to execute...

[Tue Feb  2 13:02:14 2021]
rule seasonal_average:
    input: /opt/uio/flexpart/ERA5/era5.1000hpa.GeopotHeight.monthly.2017-2019.nc
    output: /opt/uio/flexpart/ERA5/era5.1000hpa.GeopotHeight.MAM_avg.2017-2019.nc
    jobid: 27
    wildcards: level=1000hpa, varName=GeopotHeight, season=MAM, sdate=2017, edate=2019

[Tue Feb  2 13:02:14 2021]
Finished job 27.
22 of 42 steps (52%) done
Select jobs to execute...

[Tue Feb  2 13:02:14 2021]
rule seasonal_average:
    input: /opt/uio/flexpart/ERA5/era5.1000hpa.GeopotHeight.monthly.2017-2019.nc
    output: /opt/uio/flexpart/ERA5/era5.1000hpa.GeopotHeight.SON_avg.2017-2019.nc
    jobid: 29
    wildcards: level=1000hpa, varName=GeopotHeight, season=SON, sdate=2017, edate=2019

[Tue Feb  2 13:02:14 2021]
Finished job 29.
23 of 42 steps (55%) done
Select jobs to execute...

[Tue Feb  2 13:02:15 2021]
rule seasonal_average:
    input: /opt/uio/flexpart/ERA5/era5.850hpa.Geopotential.monthly.2017-2019.nc
    output: /opt/uio/flexpart/ERA5/era5.850hpa.Geopotential.DJF_avg.2017-2019.nc
    jobid: 10
    wildcards: level=850hpa, varName=Geopotential, season=DJF, sdate=2017, edate=2019

[Tue Feb  2 13:02:15 2021]
Finished job 10.
24 of 42 steps (57%) done
Select jobs to execute...

[Tue Feb  2 13:02:15 2021]
rule geopotential_to_geopotential_height:
    input: /opt/uio/flexpart/ERA5/era5.850hpa.Geopotential.monthly.2017-2019.nc
    output: /opt/uio/flexpart/ERA5/era5.850hpa.GeopotHeight.monthly.2017-2019.nc
    jobid: 23
    wildcards: plevel=850, sdate=2017, edate=2019

[Tue Feb  2 13:02:18 2021]
Finished job 25.
25 of 42 steps (60%) done
Select jobs to execute...

[Tue Feb  2 13:02:18 2021]
rule seasonal_average:
    input: /opt/uio/flexpart/ERA5/era5.250hpa.GeopotHeight.monthly.2017-2019.nc
    output: /opt/uio/flexpart/ERA5/era5.250hpa.GeopotHeight.JJA_avg.2017-2019.nc
    jobid: 40
    wildcards: level=250hpa, varName=GeopotHeight, season=JJA, sdate=2017, edate=2019

[Tue Feb  2 13:02:18 2021]
Finished job 40.
26 of 42 steps (62%) done
Select jobs to execute...

[Tue Feb  2 13:02:18 2021]
rule seasonal_average:
    input: /opt/uio/flexpart/ERA5/era5.250hpa.GeopotHeight.monthly.2017-2019.nc
    output: /opt/uio/flexpart/ERA5/era5.250hpa.GeopotHeight.MAM_avg.2017-2019.nc
    jobid: 39
    wildcards: level=250hpa, varName=GeopotHeight, season=MAM, sdate=2017, edate=2019

[Tue Feb  2 13:02:18 2021]
Finished job 39.
27 of 42 steps (64%) done
Select jobs to execute...

[Tue Feb  2 13:02:18 2021]
rule seasonal_average:
    input: /opt/uio/flexpart/ERA5/era5.250hpa.GeopotHeight.monthly.2017-2019.nc
    output: /opt/uio/flexpart/ERA5/era5.250hpa.GeopotHeight.DJF_avg.2017-2019.nc
    jobid: 38
    wildcards: level=250hpa, varName=GeopotHeight, season=DJF, sdate=2017, edate=2019

[Tue Feb  2 13:02:18 2021]
Finished job 38.
28 of 42 steps (67%) done
Select jobs to execute...

[Tue Feb  2 13:02:19 2021]
rule seasonal_average:
    input: /opt/uio/flexpart/ERA5/era5.500hpa.Geopotential.monthly.2017-2019.nc
    output: /opt/uio/flexpart/ERA5/era5.500hpa.Geopotential.MAM_avg.2017-2019.nc
    jobid: 15
    wildcards: level=500hpa, varName=Geopotential, season=MAM, sdate=2017, edate=2019

[Tue Feb  2 13:02:19 2021]
Finished job 15.
29 of 42 steps (69%) done
Select jobs to execute...

[Tue Feb  2 13:02:19 2021]
rule seasonal_average:
    input: /opt/uio/flexpart/ERA5/era5.1000hpa.Geopotential.monthly.2017-2019.nc
    output: /opt/uio/flexpart/ERA5/era5.1000hpa.Geopotential.JJA_avg.2017-2019.nc
    jobid: 8
    wildcards: level=1000hpa, varName=Geopotential, season=JJA, sdate=2017, edate=2019

[Tue Feb  2 13:02:19 2021]
Finished job 8.
30 of 42 steps (71%) done
Select jobs to execute...
[Tue Feb  2 13:02:19 2021]
Finished job 23.
31 of 42 steps (74%) done

[Tue Feb  2 13:02:19 2021]
rule seasonal_average:
    input: /opt/uio/flexpart/ERA5/era5.1000hpa.GeopotHeight.monthly.2017-2019.nc
    output: /opt/uio/flexpart/ERA5/era5.1000hpa.GeopotHeight.JJA_avg.2017-2019.nc
    jobid: 28
    wildcards: level=1000hpa, varName=GeopotHeight, season=JJA, sdate=2017, edate=2019

Select jobs to execute...

[Tue Feb  2 13:02:19 2021]
rule seasonal_average:
    input: /opt/uio/flexpart/ERA5/era5.850hpa.GeopotHeight.monthly.2017-2019.nc
    output: /opt/uio/flexpart/ERA5/era5.850hpa.GeopotHeight.SON_avg.2017-2019.nc
    jobid: 33
    wildcards: level=850hpa, varName=GeopotHeight, season=SON, sdate=2017, edate=2019

[Tue Feb  2 13:02:19 2021]
Finished job 28.
32 of 42 steps (76%) done
Select jobs to execute...
[Tue Feb  2 13:02:19 2021]
Finished job 33.
33 of 42 steps (79%) done

[Tue Feb  2 13:02:19 2021]
rule seasonal_average:
    input: /opt/uio/flexpart/ERA5/era5.850hpa.GeopotHeight.monthly.2017-2019.nc
    output: /opt/uio/flexpart/ERA5/era5.850hpa.GeopotHeight.MAM_avg.2017-2019.nc
    jobid: 31
    wildcards: level=850hpa, varName=GeopotHeight, season=MAM, sdate=2017, edate=2019

Select jobs to execute...

[Tue Feb  2 13:02:20 2021]
rule seasonal_average:
    input: /opt/uio/flexpart/ERA5/era5.850hpa.GeopotHeight.monthly.2017-2019.nc
    output: /opt/uio/flexpart/ERA5/era5.850hpa.GeopotHeight.JJA_avg.2017-2019.nc
    jobid: 32
    wildcards: level=850hpa, varName=GeopotHeight, season=JJA, sdate=2017, edate=2019

[Tue Feb  2 13:02:20 2021]
Finished job 31.
34 of 42 steps (81%) done
Select jobs to execute...

[Tue Feb  2 13:02:20 2021]
rule seasonal_average:
    input: /opt/uio/flexpart/ERA5/era5.500hpa.GeopotHeight.monthly.2017-2019.nc
    output: /opt/uio/flexpart/ERA5/era5.500hpa.GeopotHeight.JJA_avg.2017-2019.nc
    jobid: 36
    wildcards: level=500hpa, varName=GeopotHeight, season=JJA, sdate=2017, edate=2019

[Tue Feb  2 13:02:20 2021]
Finished job 32.
35 of 42 steps (83%) done
Select jobs to execute...

[Tue Feb  2 13:02:20 2021]
rule seasonal_average:
    input: /opt/uio/flexpart/ERA5/era5.850hpa.GeopotHeight.monthly.2017-2019.nc
    output: /opt/uio/flexpart/ERA5/era5.850hpa.GeopotHeight.DJF_avg.2017-2019.nc
    jobid: 30
    wildcards: level=850hpa, varName=GeopotHeight, season=DJF, sdate=2017, edate=2019

[Tue Feb  2 13:02:20 2021]
Finished job 36.
36 of 42 steps (86%) done
Select jobs to execute...

[Tue Feb  2 13:02:20 2021]
rule seasonal_average:
    input: /opt/uio/flexpart/ERA5/era5.1000hpa.GeopotHeight.monthly.2017-2019.nc
    output: /opt/uio/flexpart/ERA5/era5.1000hpa.GeopotHeight.DJF_avg.2017-2019.nc
    jobid: 26
    wildcards: level=1000hpa, varName=GeopotHeight, season=DJF, sdate=2017, edate=2019

[Tue Feb  2 13:02:20 2021]
Finished job 30.
37 of 42 steps (88%) done
Select jobs to execute...

[Tue Feb  2 13:02:20 2021]
rule seasonal_average:
    input: /opt/uio/flexpart/ERA5/era5.250hpa.GeopotHeight.monthly.2017-2019.nc
    output: /opt/uio/flexpart/ERA5/era5.250hpa.GeopotHeight.SON_avg.2017-2019.nc
    jobid: 41
    wildcards: level=250hpa, varName=GeopotHeight, season=SON, sdate=2017, edate=2019

[Tue Feb  2 13:02:20 2021]
Finished job 26.
38 of 42 steps (90%) done
Select jobs to execute...

[Tue Feb  2 13:02:20 2021]
rule seasonal_average:
    input: /opt/uio/flexpart/ERA5/era5.250hpa.Geopotential.monthly.2017-2019.nc
    output: /opt/uio/flexpart/ERA5/era5.250hpa.Geopotential.SON_avg.2017-2019.nc
    jobid: 21
    wildcards: level=250hpa, varName=Geopotential, season=SON, sdate=2017, edate=2019

[Tue Feb  2 13:02:21 2021]
Finished job 41.
39 of 42 steps (93%) done
Select jobs to execute...

[Tue Feb  2 13:02:21 2021]
rule seasonal_average:
    input: /opt/uio/flexpart/ERA5/era5.500hpa.GeopotHeight.monthly.2017-2019.nc
    output: /opt/uio/flexpart/ERA5/era5.500hpa.GeopotHeight.DJF_avg.2017-2019.nc
    jobid: 34
    wildcards: level=500hpa, varName=GeopotHeight, season=DJF, sdate=2017, edate=2019

[Tue Feb  2 13:02:21 2021]
Finished job 21.
40 of 42 steps (95%) done
[Tue Feb  2 13:02:21 2021]
Finished job 34.
41 of 42 steps (98%) done
Select jobs to execute...

[Tue Feb  2 13:02:21 2021]
localrule all:
    input: /opt/uio/flexpart/ERA5/era5.1000hpa.Geopotential.monthly.2017-2019.nc, /opt/uio/flexpart/ERA5/era5.850hpa.Geopotential.monthly.2017-2019.nc, /opt/uio/flexpart/ERA5/era5.500hpa.Geopotential.monthly.2017-2019.nc, /opt/uio/flexpart/ERA5/era5.250hpa.Geopotential.monthly.2017-2019.nc, /opt/uio/flexpart/ERA5/era5.single_level.surface_pressure.monthly.2017-2019.nc, /opt/uio/flexpart/ERA5/era5.single_level.surface_pressure.annual.2017-2019.nc, /opt/uio/flexpart/ERA5/era5.single_level.surface_pressure.DJF_avg.2017-2019.nc, /opt/uio/flexpart/ERA5/era5.single_level.surface_pressure.MAM_avg.2017-2019.nc, /opt/uio/flexpart/ERA5/era5.single_level.surface_pressure.JJA_avg.2017-2019.nc, /opt/uio/flexpart/ERA5/era5.single_level.surface_pressure.SON_avg.2017-2019.nc, /opt/uio/flexpart/ERA5/era5.1000hpa.Geopotential.DJF_avg.2017-2019.nc, /opt/uio/flexpart/ERA5/era5.1000hpa.Geopotential.MAM_avg.2017-2019.nc, /opt/uio/flexpart/ERA5/era5.1000hpa.Geopotential.JJA_avg.2017-2019.nc, /opt/uio/flexpart/ERA5/era5.1000hpa.Geopotential.SON_avg.2017-2019.nc, /opt/uio/flexpart/ERA5/era5.850hpa.Geopotential.DJF_avg.2017-2019.nc, /opt/uio/flexpart/ERA5/era5.850hpa.Geopotential.MAM_avg.2017-2019.nc, /opt/uio/flexpart/ERA5/era5.850hpa.Geopotential.JJA_avg.2017-2019.nc, /opt/uio/flexpart/ERA5/era5.850hpa.Geopotential.SON_avg.2017-2019.nc, /opt/uio/flexpart/ERA5/era5.500hpa.Geopotential.DJF_avg.2017-2019.nc, /opt/uio/flexpart/ERA5/era5.500hpa.Geopotential.MAM_avg.2017-2019.nc, /opt/uio/flexpart/ERA5/era5.500hpa.Geopotential.JJA_avg.2017-2019.nc, /opt/uio/flexpart/ERA5/era5.500hpa.Geopotential.SON_avg.2017-2019.nc, /opt/uio/flexpart/ERA5/era5.250hpa.Geopotential.DJF_avg.2017-2019.nc, /opt/uio/flexpart/ERA5/era5.250hpa.Geopotential.MAM_avg.2017-2019.nc, /opt/uio/flexpart/ERA5/era5.250hpa.Geopotential.JJA_avg.2017-2019.nc, /opt/uio/flexpart/ERA5/era5.250hpa.Geopotential.SON_avg.2017-2019.nc, /opt/uio/flexpart/ERA5/era5.1000hpa.GeopotHeight.monthly.2017-2019.nc, /opt/uio/flexpart/ERA5/era5.850hpa.GeopotHeight.monthly.2017-2019.nc, /opt/uio/flexpart/ERA5/era5.500hpa.GeopotHeight.monthly.2017-2019.nc, /opt/uio/flexpart/ERA5/era5.250hpa.GeopotHeight.monthly.2017-2019.nc, /opt/uio/flexpart/ERA5/era5.1000hpa.GeopotHeight.DJF_avg.2017-2019.nc, /opt/uio/flexpart/ERA5/era5.1000hpa.GeopotHeight.MAM_avg.2017-2019.nc, /opt/uio/flexpart/ERA5/era5.1000hpa.GeopotHeight.JJA_avg.2017-2019.nc, /opt/uio/flexpart/ERA5/era5.1000hpa.GeopotHeight.SON_avg.2017-2019.nc, /opt/uio/flexpart/ERA5/era5.850hpa.GeopotHeight.DJF_avg.2017-2019.nc, /opt/uio/flexpart/ERA5/era5.850hpa.GeopotHeight.MAM_avg.2017-2019.nc, /opt/uio/flexpart/ERA5/era5.850hpa.GeopotHeight.JJA_avg.2017-2019.nc, /opt/uio/flexpart/ERA5/era5.850hpa.GeopotHeight.SON_avg.2017-2019.nc, /opt/uio/flexpart/ERA5/era5.500hpa.GeopotHeight.DJF_avg.2017-2019.nc, /opt/uio/flexpart/ERA5/era5.500hpa.GeopotHeight.MAM_avg.2017-2019.nc, /opt/uio/flexpart/ERA5/era5.500hpa.GeopotHeight.JJA_avg.2017-2019.nc, /opt/uio/flexpart/ERA5/era5.500hpa.GeopotHeight.SON_avg.2017-2019.nc, /opt/uio/flexpart/ERA5/era5.250hpa.GeopotHeight.DJF_avg.2017-2019.nc, /opt/uio/flexpart/ERA5/era5.250hpa.GeopotHeight.MAM_avg.2017-2019.nc, /opt/uio/flexpart/ERA5/era5.250hpa.GeopotHeight.JJA_avg.2017-2019.nc, /opt/uio/flexpart/ERA5/era5.250hpa.GeopotHeight.SON_avg.2017-2019.nc
    jobid: 0

[Tue Feb  2 13:02:21 2021]
Finished job 0.
42 of 42 steps (100%) done
Complete log: /home/centos/ERA5_workflow/.snakemake/log/2021-02-02T130206.243610.snakemake.log
