Building DAG of jobs...
Using shell: /usr/bin/bash
Provided cores: 1 (use --cores to define parallelism)
Rules claiming more threads will be scaled down.
Job counts:
	count	jobs
	1	all
	2	download_monthly_era5
	3
Select jobs to execute...

[Sun Jan 31 20:07:10 2021]
Job 2: downloading era5.850.tenperature.monthly.2018-2019.nc

[Sun Jan 31 20:07:10 2021]
Error in rule download_monthly_era5:
    jobid: 2
    output: era5.850.tenperature.monthly.2018-2019.nc
    shell:
        
    python download_era5_monthly.py 850 tenperature 2018 2019 --fn era5.850.tenperature.monthly.2018-2019.nc
        (one of the commands exited with non-zero exit code; note that snakemake uses bash strict mode!)

Shutting down, this might take some time.
Exiting because a job execution failed. Look above for error message
Complete log: /home/centos/ERA5_workflow/.snakemake/log/2021-01-31T200709.952074.snakemake.log
