Building DAG of jobs...
Using shell: /usr/bin/bash
Provided cores: 2
Rules claiming more threads will be scaled down.
Job counts:
	count	jobs
	1	all
	2	download_monthly_era5_pressure
	1	download_monthly_era5_single_level
	4
Select jobs to execute...

[Mon Feb  1 08:30:59 2021]
Job 3: downloading /opt/uio/flexpart/ERA5/era5.single_level.surface_pressure.monthly.2018-2019.nc

RuleException in line 43 of /home/centos/ERA5_workflow/Snakefile:
'Wildcards' object has no attribute 'plevel'
  File "/opt/uio/python/miniconda3/envs/ERA5_workflow/lib/python3.9/site-packages/snakemake/executors/__init__.py", line 136, in run_jobs
  File "/opt/uio/python/miniconda3/envs/ERA5_workflow/lib/python3.9/site-packages/snakemake/executors/__init__.py", line 441, in run
  File "/opt/uio/python/miniconda3/envs/ERA5_workflow/lib/python3.9/site-packages/snakemake/executors/__init__.py", line 230, in _run
  File "/opt/uio/python/miniconda3/envs/ERA5_workflow/lib/python3.9/site-packages/snakemake/executors/__init__.py", line 156, in _run
  File "/opt/uio/python/miniconda3/envs/ERA5_workflow/lib/python3.9/site-packages/snakemake/executors/__init__.py", line 162, in printjob
