Building DAG of jobs...
Using shell: /usr/bin/bash
Provided cores: 2
Rules claiming more threads will be scaled down.
Job counts:
	count	jobs
	1	clean
	1
Select jobs to execute...

[Tue Feb  2 13:00:36 2021]
rule clean:
    jobid: 0

[Tue Feb  2 13:00:36 2021]
Error in rule clean:
    jobid: 0
    shell:
        
        find /opt/uio/flexpart/ERA5/ -type f \! -name "*monthly*.nc" -exec rm {} \;
        rm *GeopotHeight*.nc
        
        (one of the commands exited with non-zero exit code; note that snakemake uses bash strict mode!)

Shutting down, this might take some time.
Exiting because a job execution failed. Look above for error message
Complete log: /home/centos/ERA5_workflow/.snakemake/log/2021-02-02T130036.649519.snakemake.log
