Building DAG of jobs...
Using shell: /usr/bin/bash
Provided cores: 1 (use --cores to define parallelism)
Rules claiming more threads will be scaled down.
Job counts:
	count	jobs
	1	all
	3	geopotential_to_geopotential_height
	4
Select jobs to execute...

[Mon Feb  1 16:23:24 2021]
rule geopotential_to_geopotential_height:
    input: /opt/uio/flexpart/ERA5/era5.1000hpa.Geopotential.monthly.2017-2019.nc
    output: /opt/uio/flexpart/ERA5/era5.1000hpa.GeopotHeight.monthly.2017-2019.nc
    jobid: 22
    wildcards: plevel=1000, sdate=2017, edate=2019

[Mon Feb  1 16:23:28 2021]
Error in rule geopotential_to_geopotential_height:
    jobid: 22
    output: /opt/uio/flexpart/ERA5/era5.1000hpa.GeopotHeight.monthly.2017-2019.nc
    shell:
        
        ncap2 -v -s'z=z*9.80665f;' /opt/uio/flexpart/ERA5/era5.1000hpa.Geopotential.monthly.2017-2019.nc /opt/uio/flexpart/ERA5/era5.1000hpa.GeopotHeight.monthly.2017-2019.nc 
        ncatted -a units,z,o,c,'m' /opt/uio/flexpart/ERA5/era5.1000hpa.GeopotHeight.monthly.2017-2019.nc
        ncatted -a long_name,z,o,c,'Geopotential height' /opt/uio/flexpart/ERA5/era5.1000hpa.GeopotHeight.monthly.2017-2019.nc  
        ncatted -a standard_name,z,o,c,'geopotential height' /opt/uio/flexpart/ERA5/era5.1000hpa.GeopotHeight.monthly.2017-2019.nc
        ncrename v z,Z /opt/uio/flexpart/ERA5/era5.1000hpa.GeopotHeight.monthly.2017-2019.nc
        
        (one of the commands exited with non-zero exit code; note that snakemake uses bash strict mode!)

Removing output files of failed job geopotential_to_geopotential_height since they might be corrupted:
/opt/uio/flexpart/ERA5/era5.1000hpa.GeopotHeight.monthly.2017-2019.nc
Shutting down, this might take some time.
Exiting because a job execution failed. Look above for error message
Complete log: /home/centos/ERA5_workflow/.snakemake/log/2021-02-01T162324.916122.snakemake.log
