Building DAG of jobs...
Using shell: /usr/bin/bash
Provided cores: 2
Rules claiming more threads will be scaled down.
Job counts:
	count	jobs
	1	all
	2	download_monthly_era5_pressure
	1	download_monthly_era5_single_level
	4
Select jobs to execute...

[Mon Feb  1 10:26:44 2021]
Job 3: downloading /opt/uio/flexpart/ERA5/era5.single_level.surface_pressure.monthly.2017-2019.nc


[Mon Feb  1 10:26:44 2021]
Job 2: downloading /opt/uio/flexpart/ERA5/era5.850hpa.Geopotential.monthly.2017-2019.nc

[Mon Feb  1 10:27:10 2021]
Finished job 2.
1 of 4 steps (25%) done
Select jobs to execute...

[Mon Feb  1 10:27:10 2021]
Job 1: downloading /opt/uio/flexpart/ERA5/era5.1000hpa.Geopotential.monthly.2017-2019.nc

[Mon Feb  1 10:27:20 2021]
Finished job 3.
2 of 4 steps (50%) done
[Mon Feb  1 10:27:28 2021]
Finished job 1.
3 of 4 steps (75%) done
Select jobs to execute...

[Mon Feb  1 10:27:28 2021]
localrule all:
    input: /opt/uio/flexpart/ERA5/era5.1000hpa.Geopotential.monthly.2017-2019.nc, /opt/uio/flexpart/ERA5/era5.850hpa.Geopotential.monthly.2017-2019.nc, /opt/uio/flexpart/ERA5/era5.single_level.surface_pressure.monthly.2017-2019.nc
    jobid: 0

[Mon Feb  1 10:27:28 2021]
Finished job 0.
4 of 4 steps (100%) done
Complete log: /home/centos/ERA5_workflow/.snakemake/log/2021-02-01T102644.815227.snakemake.log
