Building DAG of jobs...
Using shell: /usr/bin/bash
Provided cores: 1 (use --cores to define parallelism)
Rules claiming more threads will be scaled down.
Job counts:
	count	jobs
	1	all
	15	download_era5
	16
Select jobs to execute...

[Sun Jan 31 19:01:02 2021]
Job 4: downloading era5.850.pressure.M.19990101-20191231.nc

[Sun Jan 31 19:01:02 2021]
Finished job 4.
1 of 16 steps (6%) done
Select jobs to execute...

[Sun Jan 31 19:01:02 2021]
Job 6: downloading era5.850.tenperature.M.19990101-20191231.nc

[Sun Jan 31 19:01:02 2021]
Finished job 6.
2 of 16 steps (12%) done
Select jobs to execute...

[Sun Jan 31 19:01:02 2021]
Job 9: downloading era5.750.tenperature.M.19990101-20191231.nc

[Sun Jan 31 19:01:02 2021]
Finished job 9.
3 of 16 steps (19%) done
Select jobs to execute...

[Sun Jan 31 19:01:02 2021]
Job 11: downloading era5.500.snowcover.M.19990101-20191231.nc

[Sun Jan 31 19:01:02 2021]
Finished job 11.
4 of 16 steps (25%) done
Select jobs to execute...

[Sun Jan 31 19:01:02 2021]
Job 13: downloading era5.250.pressure.M.19990101-20191231.nc

[Sun Jan 31 19:01:02 2021]
Finished job 13.
5 of 16 steps (31%) done
Select jobs to execute...

[Sun Jan 31 19:01:02 2021]
Job 15: downloading era5.250.tenperature.M.19990101-20191231.nc

[Sun Jan 31 19:01:02 2021]
Finished job 15.
6 of 16 steps (38%) done
Select jobs to execute...

[Sun Jan 31 19:01:03 2021]
Job 2: downloading era5.1000.snowcover.M.19990101-20191231.nc

[Sun Jan 31 19:01:03 2021]
Finished job 2.
7 of 16 steps (44%) done
Select jobs to execute...

[Sun Jan 31 19:01:03 2021]
Job 1: downloading era5.1000.pressure.M.19990101-20191231.nc

[Sun Jan 31 19:01:03 2021]
Finished job 1.
8 of 16 steps (50%) done
Select jobs to execute...

[Sun Jan 31 19:01:03 2021]
Job 14: downloading era5.250.snowcover.M.19990101-20191231.nc

[Sun Jan 31 19:01:03 2021]
Finished job 14.
9 of 16 steps (56%) done
Select jobs to execute...

[Sun Jan 31 19:01:03 2021]
Job 12: downloading era5.500.tenperature.M.19990101-20191231.nc

[Sun Jan 31 19:01:03 2021]
Finished job 12.
10 of 16 steps (62%) done
Select jobs to execute...

[Sun Jan 31 19:01:03 2021]
Job 10: downloading era5.500.pressure.M.19990101-20191231.nc

[Sun Jan 31 19:01:03 2021]
Finished job 10.
11 of 16 steps (69%) done
Select jobs to execute...

[Sun Jan 31 19:01:03 2021]
Job 8: downloading era5.750.snowcover.M.19990101-20191231.nc

[Sun Jan 31 19:01:03 2021]
Finished job 8.
12 of 16 steps (75%) done
Select jobs to execute...

[Sun Jan 31 19:01:03 2021]
Job 7: downloading era5.750.pressure.M.19990101-20191231.nc

[Sun Jan 31 19:01:03 2021]
Finished job 7.
13 of 16 steps (81%) done
Select jobs to execute...

[Sun Jan 31 19:01:03 2021]
Job 3: downloading era5.1000.tenperature.M.19990101-20191231.nc

[Sun Jan 31 19:01:03 2021]
Finished job 3.
14 of 16 steps (88%) done
Select jobs to execute...

[Sun Jan 31 19:01:03 2021]
Job 5: downloading era5.850.snowcover.M.19990101-20191231.nc

[Sun Jan 31 19:01:03 2021]
Finished job 5.
15 of 16 steps (94%) done
Select jobs to execute...

[Sun Jan 31 19:01:03 2021]
localrule all:
    input: era5.1000.pressure.M.19990101-20191231.nc, era5.1000.snowcover.M.19990101-20191231.nc, era5.1000.tenperature.M.19990101-20191231.nc, era5.850.pressure.M.19990101-20191231.nc, era5.850.snowcover.M.19990101-20191231.nc, era5.850.tenperature.M.19990101-20191231.nc, era5.750.pressure.M.19990101-20191231.nc, era5.750.snowcover.M.19990101-20191231.nc, era5.750.tenperature.M.19990101-20191231.nc, era5.500.pressure.M.19990101-20191231.nc, era5.500.snowcover.M.19990101-20191231.nc, era5.500.tenperature.M.19990101-20191231.nc, era5.250.pressure.M.19990101-20191231.nc, era5.250.snowcover.M.19990101-20191231.nc, era5.250.tenperature.M.19990101-20191231.nc
    jobid: 0

[Sun Jan 31 19:01:03 2021]
Finished job 0.
16 of 16 steps (100%) done
Complete log: /home/centos/ERA5_workflow/.snakemake/log/2021-01-31T190101.278707.snakemake.log
