Building DAG of jobs...
Using shell: /usr/bin/bash
Provided cores: 2
Rules claiming more threads will be scaled down.
Job counts:
	count	jobs
	1	all
	1	annual_average
	52	seasonal_average
	54
Select jobs to execute...

[Tue Feb  2 13:51:13 2021]
rule seasonal_average:
    input: /opt/uio/flexpart/ERA5/era5.250hpa.Geopotential.monthly.2017-2019.nc
    output: /opt/uio/flexpart/ERA5/era5.250hpa.Geopotential.JJA_avg.2017-2019.nc
    jobid: 45
    wildcards: level=250hpa, varName=Geopotential, season=JJA, sdate=2017, edate=2019


[Tue Feb  2 13:51:13 2021]
rule seasonal_average:
    input: /opt/uio/flexpart/ERA5/era5.850hpa.temperature.monthly.2017-2019.nc
    output: /opt/uio/flexpart/ERA5/era5.850hpa.temperature.JJA_avg.2017-2019.nc
    jobid: 25
    wildcards: level=850hpa, varName=temperature, season=JJA, sdate=2017, edate=2019

[Tue Feb  2 13:51:13 2021]
Finished job 45.
1 of 54 steps (2%) done
Select jobs to execute...
[Tue Feb  2 13:51:13 2021]
Finished job 25.
2 of 54 steps (4%) done

[Tue Feb  2 13:51:13 2021]
rule seasonal_average:
    input: /opt/uio/flexpart/ERA5/era5.850hpa.Geopotential.monthly.2017-2019.nc
    output: /opt/uio/flexpart/ERA5/era5.850hpa.Geopotential.SON_avg.2017-2019.nc
    jobid: 30
    wildcards: level=850hpa, varName=Geopotential, season=SON, sdate=2017, edate=2019

Select jobs to execute...

[Tue Feb  2 13:51:14 2021]
rule seasonal_average:
    input: /opt/uio/flexpart/ERA5/era5.850hpa.temperature.monthly.2017-2019.nc
    output: /opt/uio/flexpart/ERA5/era5.850hpa.temperature.DJF_avg.2017-2019.nc
    jobid: 23
    wildcards: level=850hpa, varName=temperature, season=DJF, sdate=2017, edate=2019

[Tue Feb  2 13:51:14 2021]
Finished job 30.
3 of 54 steps (6%) done
Select jobs to execute...
[Tue Feb  2 13:51:14 2021]
Finished job 23.
4 of 54 steps (7%) done

[Tue Feb  2 13:51:14 2021]
rule seasonal_average:
    input: /opt/uio/flexpart/ERA5/era5.500hpa.Geopotential.monthly.2017-2019.nc
    output: /opt/uio/flexpart/ERA5/era5.500hpa.Geopotential.SON_avg.2017-2019.nc
    jobid: 38
    wildcards: level=500hpa, varName=Geopotential, season=SON, sdate=2017, edate=2019

Select jobs to execute...

[Tue Feb  2 13:51:14 2021]
rule seasonal_average:
    input: /opt/uio/flexpart/ERA5/era5.single_level.surface_pressure.monthly.2017-2019.nc
    output: /opt/uio/flexpart/ERA5/era5.single_level.surface_pressure.DJF_avg.2017-2019.nc
    jobid: 11
    wildcards: level=single_level, varName=surface_pressure, season=DJF, sdate=2017, edate=2019

[Tue Feb  2 13:51:14 2021]
Finished job 38.
5 of 54 steps (9%) done
Select jobs to execute...
[Tue Feb  2 13:51:14 2021]
Finished job 11.
6 of 54 steps (11%) done

[Tue Feb  2 13:51:14 2021]
rule seasonal_average:
    input: /opt/uio/flexpart/ERA5/era5.850hpa.GeopotHeight.monthly.2017-2019.nc
    output: /opt/uio/flexpart/ERA5/era5.850hpa.GeopotHeight.MAM_avg.2017-2019.nc
    jobid: 56
    wildcards: level=850hpa, varName=GeopotHeight, season=MAM, sdate=2017, edate=2019

Select jobs to execute...

[Tue Feb  2 13:51:14 2021]
rule seasonal_average:
    input: /opt/uio/flexpart/ERA5/era5.500hpa.GeopotHeight.monthly.2017-2019.nc
    output: /opt/uio/flexpart/ERA5/era5.500hpa.GeopotHeight.MAM_avg.2017-2019.nc
    jobid: 60
    wildcards: level=500hpa, varName=GeopotHeight, season=MAM, sdate=2017, edate=2019

[Tue Feb  2 13:51:14 2021]
Finished job 56.
7 of 54 steps (13%) done
Select jobs to execute...

[Tue Feb  2 13:51:14 2021]
rule seasonal_average:
    input: /opt/uio/flexpart/ERA5/era5.1000hpa.temperature.monthly.2017-2019.nc
    output: /opt/uio/flexpart/ERA5/era5.1000hpa.temperature.MAM_avg.2017-2019.nc
    jobid: 16
    wildcards: level=1000hpa, varName=temperature, season=MAM, sdate=2017, edate=2019

[Tue Feb  2 13:51:14 2021]
Finished job 60.
8 of 54 steps (15%) done
Select jobs to execute...

[Tue Feb  2 13:51:14 2021]
rule seasonal_average:
    input: /opt/uio/flexpart/ERA5/era5.1000hpa.GeopotHeight.monthly.2017-2019.nc
    output: /opt/uio/flexpart/ERA5/era5.1000hpa.GeopotHeight.JJA_avg.2017-2019.nc
    jobid: 53
    wildcards: level=1000hpa, varName=GeopotHeight, season=JJA, sdate=2017, edate=2019

[Tue Feb  2 13:51:15 2021]
Finished job 16.
9 of 54 steps (17%) done
Select jobs to execute...

[Tue Feb  2 13:51:15 2021]
rule seasonal_average:
    input: /opt/uio/flexpart/ERA5/era5.850hpa.temperature.monthly.2017-2019.nc
    output: /opt/uio/flexpart/ERA5/era5.850hpa.temperature.MAM_avg.2017-2019.nc
    jobid: 24
    wildcards: level=850hpa, varName=temperature, season=MAM, sdate=2017, edate=2019

[Tue Feb  2 13:51:15 2021]
Finished job 53.
10 of 54 steps (19%) done
Select jobs to execute...

[Tue Feb  2 13:51:15 2021]
rule seasonal_average:
    input: /opt/uio/flexpart/ERA5/era5.1000hpa.temperature.monthly.2017-2019.nc
    output: /opt/uio/flexpart/ERA5/era5.1000hpa.temperature.DJF_avg.2017-2019.nc
    jobid: 15
    wildcards: level=1000hpa, varName=temperature, season=DJF, sdate=2017, edate=2019

[Tue Feb  2 13:51:15 2021]
Finished job 24.
11 of 54 steps (20%) done
Select jobs to execute...
[Tue Feb  2 13:51:15 2021]
Finished job 15.
12 of 54 steps (22%) done

[Tue Feb  2 13:51:15 2021]
rule seasonal_average:
    input: /opt/uio/flexpart/ERA5/era5.500hpa.temperature.monthly.2017-2019.nc
    output: /opt/uio/flexpart/ERA5/era5.500hpa.temperature.DJF_avg.2017-2019.nc
    jobid: 31
    wildcards: level=500hpa, varName=temperature, season=DJF, sdate=2017, edate=2019

Select jobs to execute...

[Tue Feb  2 13:51:15 2021]
rule seasonal_average:
    input: /opt/uio/flexpart/ERA5/era5.500hpa.GeopotHeight.monthly.2017-2019.nc
    output: /opt/uio/flexpart/ERA5/era5.500hpa.GeopotHeight.DJF_avg.2017-2019.nc
    jobid: 59
    wildcards: level=500hpa, varName=GeopotHeight, season=DJF, sdate=2017, edate=2019

[Tue Feb  2 13:51:15 2021]
Finished job 31.
13 of 54 steps (24%) done
Select jobs to execute...
[Tue Feb  2 13:51:15 2021]
Finished job 59.
14 of 54 steps (26%) done

[Tue Feb  2 13:51:15 2021]
rule seasonal_average:
    input: /opt/uio/flexpart/ERA5/era5.250hpa.temperature.monthly.2017-2019.nc
    output: /opt/uio/flexpart/ERA5/era5.250hpa.temperature.DJF_avg.2017-2019.nc
    jobid: 39
    wildcards: level=250hpa, varName=temperature, season=DJF, sdate=2017, edate=2019

Select jobs to execute...

[Tue Feb  2 13:51:15 2021]
rule seasonal_average:
    input: /opt/uio/flexpart/ERA5/era5.1000hpa.GeopotHeight.monthly.2017-2019.nc
    output: /opt/uio/flexpart/ERA5/era5.1000hpa.GeopotHeight.MAM_avg.2017-2019.nc
    jobid: 52
    wildcards: level=1000hpa, varName=GeopotHeight, season=MAM, sdate=2017, edate=2019

[Tue Feb  2 13:51:15 2021]
Finished job 39.
15 of 54 steps (28%) done
Select jobs to execute...

[Tue Feb  2 13:51:15 2021]
rule seasonal_average:
    input: /opt/uio/flexpart/ERA5/era5.250hpa.Geopotential.monthly.2017-2019.nc
    output: /opt/uio/flexpart/ERA5/era5.250hpa.Geopotential.SON_avg.2017-2019.nc
    jobid: 46
    wildcards: level=250hpa, varName=Geopotential, season=SON, sdate=2017, edate=2019

[Tue Feb  2 13:51:15 2021]
Finished job 52.
16 of 54 steps (30%) done
Select jobs to execute...

[Tue Feb  2 13:51:15 2021]
rule seasonal_average:
    input: /opt/uio/flexpart/ERA5/era5.250hpa.Geopotential.monthly.2017-2019.nc
    output: /opt/uio/flexpart/ERA5/era5.250hpa.Geopotential.MAM_avg.2017-2019.nc
    jobid: 44
    wildcards: level=250hpa, varName=Geopotential, season=MAM, sdate=2017, edate=2019

[Tue Feb  2 13:51:15 2021]
Finished job 46.
17 of 54 steps (31%) done
Select jobs to execute...

[Tue Feb  2 13:51:15 2021]
rule seasonal_average:
    input: /opt/uio/flexpart/ERA5/era5.1000hpa.GeopotHeight.monthly.2017-2019.nc
    output: /opt/uio/flexpart/ERA5/era5.1000hpa.GeopotHeight.SON_avg.2017-2019.nc
    jobid: 54
    wildcards: level=1000hpa, varName=GeopotHeight, season=SON, sdate=2017, edate=2019

[Tue Feb  2 13:51:15 2021]
Finished job 44.
18 of 54 steps (33%) done
Select jobs to execute...

[Tue Feb  2 13:51:16 2021]
rule seasonal_average:
    input: /opt/uio/flexpart/ERA5/era5.500hpa.Geopotential.monthly.2017-2019.nc
    output: /opt/uio/flexpart/ERA5/era5.500hpa.Geopotential.JJA_avg.2017-2019.nc
    jobid: 37
    wildcards: level=500hpa, varName=Geopotential, season=JJA, sdate=2017, edate=2019

[Tue Feb  2 13:51:16 2021]
Finished job 54.
19 of 54 steps (35%) done
Select jobs to execute...
[Tue Feb  2 13:51:16 2021]
Finished job 37.
20 of 54 steps (37%) done

[Tue Feb  2 13:51:16 2021]
rule seasonal_average:
    input: /opt/uio/flexpart/ERA5/era5.500hpa.GeopotHeight.monthly.2017-2019.nc
    output: /opt/uio/flexpart/ERA5/era5.500hpa.GeopotHeight.JJA_avg.2017-2019.nc
    jobid: 61
    wildcards: level=500hpa, varName=GeopotHeight, season=JJA, sdate=2017, edate=2019

Select jobs to execute...

[Tue Feb  2 13:51:16 2021]
rule seasonal_average:
    input: /opt/uio/flexpart/ERA5/era5.250hpa.GeopotHeight.monthly.2017-2019.nc
    output: /opt/uio/flexpart/ERA5/era5.250hpa.GeopotHeight.MAM_avg.2017-2019.nc
    jobid: 64
    wildcards: level=250hpa, varName=GeopotHeight, season=MAM, sdate=2017, edate=2019

[Tue Feb  2 13:51:16 2021]
Finished job 61.
21 of 54 steps (39%) done
Select jobs to execute...

[Tue Feb  2 13:51:16 2021]
rule seasonal_average:
    input: /opt/uio/flexpart/ERA5/era5.500hpa.temperature.monthly.2017-2019.nc
    output: /opt/uio/flexpart/ERA5/era5.500hpa.temperature.SON_avg.2017-2019.nc
    jobid: 34
    wildcards: level=500hpa, varName=temperature, season=SON, sdate=2017, edate=2019

[Tue Feb  2 13:51:16 2021]
Finished job 64.
22 of 54 steps (41%) done
Select jobs to execute...
[Tue Feb  2 13:51:16 2021]
Finished job 34.
23 of 54 steps (43%) done

[Tue Feb  2 13:51:16 2021]
rule seasonal_average:
    input: /opt/uio/flexpart/ERA5/era5.850hpa.temperature.monthly.2017-2019.nc
    output: /opt/uio/flexpart/ERA5/era5.850hpa.temperature.SON_avg.2017-2019.nc
    jobid: 26
    wildcards: level=850hpa, varName=temperature, season=SON, sdate=2017, edate=2019

Select jobs to execute...

[Tue Feb  2 13:51:17 2021]
rule seasonal_average:
    input: /opt/uio/flexpart/ERA5/era5.250hpa.temperature.monthly.2017-2019.nc
    output: /opt/uio/flexpart/ERA5/era5.250hpa.temperature.JJA_avg.2017-2019.nc
    jobid: 41
    wildcards: level=250hpa, varName=temperature, season=JJA, sdate=2017, edate=2019

[Tue Feb  2 13:51:17 2021]
Finished job 26.
24 of 54 steps (44%) done
Select jobs to execute...

[Tue Feb  2 13:51:17 2021]
rule seasonal_average:
    input: /opt/uio/flexpart/ERA5/era5.500hpa.Geopotential.monthly.2017-2019.nc
    output: /opt/uio/flexpart/ERA5/era5.500hpa.Geopotential.DJF_avg.2017-2019.nc
    jobid: 35
    wildcards: level=500hpa, varName=Geopotential, season=DJF, sdate=2017, edate=2019

[Tue Feb  2 13:51:17 2021]
Finished job 41.
25 of 54 steps (46%) done
Select jobs to execute...

[Tue Feb  2 13:51:17 2021]
rule seasonal_average:
    input: /opt/uio/flexpart/ERA5/era5.1000hpa.Geopotential.monthly.2017-2019.nc
    output: /opt/uio/flexpart/ERA5/era5.1000hpa.Geopotential.MAM_avg.2017-2019.nc
    jobid: 20
    wildcards: level=1000hpa, varName=Geopotential, season=MAM, sdate=2017, edate=2019

[Tue Feb  2 13:51:17 2021]
Finished job 35.
26 of 54 steps (48%) done
Select jobs to execute...

[Tue Feb  2 13:51:17 2021]
rule seasonal_average:
    input: /opt/uio/flexpart/ERA5/era5.850hpa.Geopotential.monthly.2017-2019.nc
    output: /opt/uio/flexpart/ERA5/era5.850hpa.Geopotential.DJF_avg.2017-2019.nc
    jobid: 27
    wildcards: level=850hpa, varName=Geopotential, season=DJF, sdate=2017, edate=2019

[Tue Feb  2 13:51:17 2021]
Finished job 20.
27 of 54 steps (50%) done
Select jobs to execute...
[Tue Feb  2 13:51:17 2021]
Finished job 27.
28 of 54 steps (52%) done

[Tue Feb  2 13:51:18 2021]
rule seasonal_average:
    input: /opt/uio/flexpart/ERA5/era5.250hpa.GeopotHeight.monthly.2017-2019.nc
    output: /opt/uio/flexpart/ERA5/era5.250hpa.GeopotHeight.JJA_avg.2017-2019.nc
    jobid: 65
    wildcards: level=250hpa, varName=GeopotHeight, season=JJA, sdate=2017, edate=2019

Select jobs to execute...

[Tue Feb  2 13:51:18 2021]
rule seasonal_average:
    input: /opt/uio/flexpart/ERA5/era5.single_level.surface_pressure.monthly.2017-2019.nc
    output: /opt/uio/flexpart/ERA5/era5.single_level.surface_pressure.MAM_avg.2017-2019.nc
    jobid: 12
    wildcards: level=single_level, varName=surface_pressure, season=MAM, sdate=2017, edate=2019

[Tue Feb  2 13:51:18 2021]
Finished job 65.
29 of 54 steps (54%) done
Select jobs to execute...

[Tue Feb  2 13:51:18 2021]
rule seasonal_average:
    input: /opt/uio/flexpart/ERA5/era5.250hpa.temperature.monthly.2017-2019.nc
    output: /opt/uio/flexpart/ERA5/era5.250hpa.temperature.SON_avg.2017-2019.nc
    jobid: 42
    wildcards: level=250hpa, varName=temperature, season=SON, sdate=2017, edate=2019

[Tue Feb  2 13:51:18 2021]
Finished job 12.
30 of 54 steps (56%) done
Select jobs to execute...

[Tue Feb  2 13:51:18 2021]
rule seasonal_average:
    input: /opt/uio/flexpart/ERA5/era5.850hpa.GeopotHeight.monthly.2017-2019.nc
    output: /opt/uio/flexpart/ERA5/era5.850hpa.GeopotHeight.JJA_avg.2017-2019.nc
    jobid: 57
    wildcards: level=850hpa, varName=GeopotHeight, season=JJA, sdate=2017, edate=2019

[Tue Feb  2 13:51:18 2021]
Finished job 42.
31 of 54 steps (57%) done
Select jobs to execute...

[Tue Feb  2 13:51:18 2021]
rule seasonal_average:
    input: /opt/uio/flexpart/ERA5/era5.850hpa.Geopotential.monthly.2017-2019.nc
    output: /opt/uio/flexpart/ERA5/era5.850hpa.Geopotential.MAM_avg.2017-2019.nc
    jobid: 28
    wildcards: level=850hpa, varName=Geopotential, season=MAM, sdate=2017, edate=2019

[Tue Feb  2 13:51:18 2021]
Finished job 57.
32 of 54 steps (59%) done
Select jobs to execute...

[Tue Feb  2 13:51:19 2021]
rule seasonal_average:
    input: /opt/uio/flexpart/ERA5/era5.250hpa.Geopotential.monthly.2017-2019.nc
    output: /opt/uio/flexpart/ERA5/era5.250hpa.Geopotential.DJF_avg.2017-2019.nc
    jobid: 43
    wildcards: level=250hpa, varName=Geopotential, season=DJF, sdate=2017, edate=2019

[Tue Feb  2 13:51:19 2021]
Finished job 28.
33 of 54 steps (61%) done
Select jobs to execute...

[Tue Feb  2 13:51:19 2021]
rule seasonal_average:
    input: /opt/uio/flexpart/ERA5/era5.1000hpa.GeopotHeight.monthly.2017-2019.nc
    output: /opt/uio/flexpart/ERA5/era5.1000hpa.GeopotHeight.DJF_avg.2017-2019.nc
    jobid: 51
    wildcards: level=1000hpa, varName=GeopotHeight, season=DJF, sdate=2017, edate=2019

[Tue Feb  2 13:51:19 2021]
Finished job 43.
34 of 54 steps (63%) done
Select jobs to execute...
[Tue Feb  2 13:51:19 2021]
Finished job 51.
35 of 54 steps (65%) done

[Tue Feb  2 13:51:19 2021]
rule seasonal_average:
    input: /opt/uio/flexpart/ERA5/era5.850hpa.GeopotHeight.monthly.2017-2019.nc
    output: /opt/uio/flexpart/ERA5/era5.850hpa.GeopotHeight.SON_avg.2017-2019.nc
    jobid: 58
    wildcards: level=850hpa, varName=GeopotHeight, season=SON, sdate=2017, edate=2019

Select jobs to execute...

[Tue Feb  2 13:51:19 2021]
rule seasonal_average:
    input: /opt/uio/flexpart/ERA5/era5.1000hpa.Geopotential.monthly.2017-2019.nc
    output: /opt/uio/flexpart/ERA5/era5.1000hpa.Geopotential.DJF_avg.2017-2019.nc
    jobid: 19
    wildcards: level=1000hpa, varName=Geopotential, season=DJF, sdate=2017, edate=2019

[Tue Feb  2 13:51:19 2021]
Finished job 58.
36 of 54 steps (67%) done
Select jobs to execute...

[Tue Feb  2 13:51:19 2021]
rule seasonal_average:
    input: /opt/uio/flexpart/ERA5/era5.single_level.surface_pressure.monthly.2017-2019.nc
    output: /opt/uio/flexpart/ERA5/era5.single_level.surface_pressure.JJA_avg.2017-2019.nc
    jobid: 13
    wildcards: level=single_level, varName=surface_pressure, season=JJA, sdate=2017, edate=2019

[Tue Feb  2 13:51:19 2021]
Finished job 19.
37 of 54 steps (69%) done
Select jobs to execute...

[Tue Feb  2 13:51:20 2021]
rule seasonal_average:
    input: /opt/uio/flexpart/ERA5/era5.1000hpa.Geopotential.monthly.2017-2019.nc
    output: /opt/uio/flexpart/ERA5/era5.1000hpa.Geopotential.SON_avg.2017-2019.nc
    jobid: 22
    wildcards: level=1000hpa, varName=Geopotential, season=SON, sdate=2017, edate=2019

[Tue Feb  2 13:51:20 2021]
Finished job 13.
38 of 54 steps (70%) done
Select jobs to execute...
[Tue Feb  2 13:51:20 2021]
Finished job 22.
39 of 54 steps (72%) done

[Tue Feb  2 13:51:20 2021]
rule seasonal_average:
    input: /opt/uio/flexpart/ERA5/era5.850hpa.Geopotential.monthly.2017-2019.nc
    output: /opt/uio/flexpart/ERA5/era5.850hpa.Geopotential.JJA_avg.2017-2019.nc
    jobid: 29
    wildcards: level=850hpa, varName=Geopotential, season=JJA, sdate=2017, edate=2019

Select jobs to execute...

[Tue Feb  2 13:51:20 2021]
rule seasonal_average:
    input: /opt/uio/flexpart/ERA5/era5.single_level.surface_pressure.monthly.2017-2019.nc
    output: /opt/uio/flexpart/ERA5/era5.single_level.surface_pressure.SON_avg.2017-2019.nc
    jobid: 14
    wildcards: level=single_level, varName=surface_pressure, season=SON, sdate=2017, edate=2019

[Tue Feb  2 13:51:20 2021]
Finished job 29.
40 of 54 steps (74%) done
Select jobs to execute...

[Tue Feb  2 13:51:20 2021]
rule seasonal_average:
    input: /opt/uio/flexpart/ERA5/era5.1000hpa.temperature.monthly.2017-2019.nc
    output: /opt/uio/flexpart/ERA5/era5.1000hpa.temperature.SON_avg.2017-2019.nc
    jobid: 18
    wildcards: level=1000hpa, varName=temperature, season=SON, sdate=2017, edate=2019

[Tue Feb  2 13:51:20 2021]
Finished job 14.
41 of 54 steps (76%) done
Select jobs to execute...

[Tue Feb  2 13:51:20 2021]
rule seasonal_average:
    input: /opt/uio/flexpart/ERA5/era5.500hpa.temperature.monthly.2017-2019.nc
    output: /opt/uio/flexpart/ERA5/era5.500hpa.temperature.JJA_avg.2017-2019.nc
    jobid: 33
    wildcards: level=500hpa, varName=temperature, season=JJA, sdate=2017, edate=2019

[Tue Feb  2 13:51:21 2021]
Finished job 18.
42 of 54 steps (78%) done
Select jobs to execute...

[Tue Feb  2 13:51:21 2021]
rule seasonal_average:
    input: /opt/uio/flexpart/ERA5/era5.250hpa.GeopotHeight.monthly.2017-2019.nc
    output: /opt/uio/flexpart/ERA5/era5.250hpa.GeopotHeight.DJF_avg.2017-2019.nc
    jobid: 63
    wildcards: level=250hpa, varName=GeopotHeight, season=DJF, sdate=2017, edate=2019

[Tue Feb  2 13:51:21 2021]
Finished job 33.
43 of 54 steps (80%) done
Select jobs to execute...

[Tue Feb  2 13:51:21 2021]
rule seasonal_average:
    input: /opt/uio/flexpart/ERA5/era5.500hpa.GeopotHeight.monthly.2017-2019.nc
    output: /opt/uio/flexpart/ERA5/era5.500hpa.GeopotHeight.SON_avg.2017-2019.nc
    jobid: 62
    wildcards: level=500hpa, varName=GeopotHeight, season=SON, sdate=2017, edate=2019

[Tue Feb  2 13:51:21 2021]
Finished job 63.
44 of 54 steps (81%) done
Select jobs to execute...

[Tue Feb  2 13:51:21 2021]
rule seasonal_average:
    input: /opt/uio/flexpart/ERA5/era5.850hpa.GeopotHeight.monthly.2017-2019.nc
    output: /opt/uio/flexpart/ERA5/era5.850hpa.GeopotHeight.DJF_avg.2017-2019.nc
    jobid: 55
    wildcards: level=850hpa, varName=GeopotHeight, season=DJF, sdate=2017, edate=2019

[Tue Feb  2 13:51:21 2021]
Finished job 62.
45 of 54 steps (83%) done
Select jobs to execute...

[Tue Feb  2 13:51:21 2021]
rule seasonal_average:
    input: /opt/uio/flexpart/ERA5/era5.250hpa.temperature.monthly.2017-2019.nc
    output: /opt/uio/flexpart/ERA5/era5.250hpa.temperature.MAM_avg.2017-2019.nc
    jobid: 40
    wildcards: level=250hpa, varName=temperature, season=MAM, sdate=2017, edate=2019

[Tue Feb  2 13:51:21 2021]
Finished job 55.
46 of 54 steps (85%) done
Select jobs to execute...

[Tue Feb  2 13:51:21 2021]
rule seasonal_average:
    input: /opt/uio/flexpart/ERA5/era5.500hpa.temperature.monthly.2017-2019.nc
    output: /opt/uio/flexpart/ERA5/era5.500hpa.temperature.MAM_avg.2017-2019.nc
    jobid: 32
    wildcards: level=500hpa, varName=temperature, season=MAM, sdate=2017, edate=2019

[Tue Feb  2 13:51:21 2021]
Finished job 40.
47 of 54 steps (87%) done
Select jobs to execute...

[Tue Feb  2 13:51:21 2021]
rule seasonal_average:
    input: /opt/uio/flexpart/ERA5/era5.250hpa.GeopotHeight.monthly.2017-2019.nc
    output: /opt/uio/flexpart/ERA5/era5.250hpa.GeopotHeight.SON_avg.2017-2019.nc
    jobid: 66
    wildcards: level=250hpa, varName=GeopotHeight, season=SON, sdate=2017, edate=2019

[Tue Feb  2 13:51:21 2021]
Finished job 32.
48 of 54 steps (89%) done
Select jobs to execute...

[Tue Feb  2 13:51:21 2021]
rule seasonal_average:
    input: /opt/uio/flexpart/ERA5/era5.1000hpa.Geopotential.monthly.2017-2019.nc
    output: /opt/uio/flexpart/ERA5/era5.1000hpa.Geopotential.JJA_avg.2017-2019.nc
    jobid: 21
    wildcards: level=1000hpa, varName=Geopotential, season=JJA, sdate=2017, edate=2019

[Tue Feb  2 13:51:21 2021]
Finished job 66.
49 of 54 steps (91%) done
Select jobs to execute...

[Tue Feb  2 13:51:21 2021]
rule seasonal_average:
    input: /opt/uio/flexpart/ERA5/era5.500hpa.Geopotential.monthly.2017-2019.nc
    output: /opt/uio/flexpart/ERA5/era5.500hpa.Geopotential.MAM_avg.2017-2019.nc
    jobid: 36
    wildcards: level=500hpa, varName=Geopotential, season=MAM, sdate=2017, edate=2019

[Tue Feb  2 13:51:22 2021]
Finished job 21.
50 of 54 steps (93%) done
Select jobs to execute...

[Tue Feb  2 13:51:22 2021]
rule seasonal_average:
    input: /opt/uio/flexpart/ERA5/era5.1000hpa.temperature.monthly.2017-2019.nc
    output: /opt/uio/flexpart/ERA5/era5.1000hpa.temperature.JJA_avg.2017-2019.nc
    jobid: 17
    wildcards: level=1000hpa, varName=temperature, season=JJA, sdate=2017, edate=2019

[Tue Feb  2 13:51:22 2021]
Finished job 36.
51 of 54 steps (94%) done
Select jobs to execute...

[Tue Feb  2 13:51:22 2021]
rule annual_average:
    input: /opt/uio/flexpart/ERA5/era5.single_level.surface_pressure.monthly.2017-2019.nc
    output: /opt/uio/flexpart/ERA5/era5.single_level.surface_pressure.annual.2017-2019.nc
    jobid: 10
    wildcards: level=single_level, varName=surface_pressure, sdate=2017, edate=2019

[Tue Feb  2 13:51:22 2021]
Finished job 17.
52 of 54 steps (96%) done
[Tue Feb  2 13:51:22 2021]
Finished job 10.
53 of 54 steps (98%) done
Select jobs to execute...

[Tue Feb  2 13:51:22 2021]
localrule all:
    input: /opt/uio/flexpart/ERA5/era5.1000hpa.temperature.monthly.2017-2019.nc, /opt/uio/flexpart/ERA5/era5.1000hpa.Geopotential.monthly.2017-2019.nc, /opt/uio/flexpart/ERA5/era5.850hpa.temperature.monthly.2017-2019.nc, /opt/uio/flexpart/ERA5/era5.850hpa.Geopotential.monthly.2017-2019.nc, /opt/uio/flexpart/ERA5/era5.500hpa.temperature.monthly.2017-2019.nc, /opt/uio/flexpart/ERA5/era5.500hpa.Geopotential.monthly.2017-2019.nc, /opt/uio/flexpart/ERA5/era5.250hpa.temperature.monthly.2017-2019.nc, /opt/uio/flexpart/ERA5/era5.250hpa.Geopotential.monthly.2017-2019.nc, /opt/uio/flexpart/ERA5/era5.single_level.surface_pressure.monthly.2017-2019.nc, /opt/uio/flexpart/ERA5/era5.single_level.surface_pressure.annual.2017-2019.nc, /opt/uio/flexpart/ERA5/era5.single_level.surface_pressure.DJF_avg.2017-2019.nc, /opt/uio/flexpart/ERA5/era5.single_level.surface_pressure.MAM_avg.2017-2019.nc, /opt/uio/flexpart/ERA5/era5.single_level.surface_pressure.JJA_avg.2017-2019.nc, /opt/uio/flexpart/ERA5/era5.single_level.surface_pressure.SON_avg.2017-2019.nc, /opt/uio/flexpart/ERA5/era5.1000hpa.temperature.DJF_avg.2017-2019.nc, /opt/uio/flexpart/ERA5/era5.1000hpa.temperature.MAM_avg.2017-2019.nc, /opt/uio/flexpart/ERA5/era5.1000hpa.temperature.JJA_avg.2017-2019.nc, /opt/uio/flexpart/ERA5/era5.1000hpa.temperature.SON_avg.2017-2019.nc, /opt/uio/flexpart/ERA5/era5.1000hpa.Geopotential.DJF_avg.2017-2019.nc, /opt/uio/flexpart/ERA5/era5.1000hpa.Geopotential.MAM_avg.2017-2019.nc, /opt/uio/flexpart/ERA5/era5.1000hpa.Geopotential.JJA_avg.2017-2019.nc, /opt/uio/flexpart/ERA5/era5.1000hpa.Geopotential.SON_avg.2017-2019.nc, /opt/uio/flexpart/ERA5/era5.850hpa.temperature.DJF_avg.2017-2019.nc, /opt/uio/flexpart/ERA5/era5.850hpa.temperature.MAM_avg.2017-2019.nc, /opt/uio/flexpart/ERA5/era5.850hpa.temperature.JJA_avg.2017-2019.nc, /opt/uio/flexpart/ERA5/era5.850hpa.temperature.SON_avg.2017-2019.nc, /opt/uio/flexpart/ERA5/era5.850hpa.Geopotential.DJF_avg.2017-2019.nc, /opt/uio/flexpart/ERA5/era5.850hpa.Geopotential.MAM_avg.2017-2019.nc, /opt/uio/flexpart/ERA5/era5.850hpa.Geopotential.JJA_avg.2017-2019.nc, /opt/uio/flexpart/ERA5/era5.850hpa.Geopotential.SON_avg.2017-2019.nc, /opt/uio/flexpart/ERA5/era5.500hpa.temperature.DJF_avg.2017-2019.nc, /opt/uio/flexpart/ERA5/era5.500hpa.temperature.MAM_avg.2017-2019.nc, /opt/uio/flexpart/ERA5/era5.500hpa.temperature.JJA_avg.2017-2019.nc, /opt/uio/flexpart/ERA5/era5.500hpa.temperature.SON_avg.2017-2019.nc, /opt/uio/flexpart/ERA5/era5.500hpa.Geopotential.DJF_avg.2017-2019.nc, /opt/uio/flexpart/ERA5/era5.500hpa.Geopotential.MAM_avg.2017-2019.nc, /opt/uio/flexpart/ERA5/era5.500hpa.Geopotential.JJA_avg.2017-2019.nc, /opt/uio/flexpart/ERA5/era5.500hpa.Geopotential.SON_avg.2017-2019.nc, /opt/uio/flexpart/ERA5/era5.250hpa.temperature.DJF_avg.2017-2019.nc, /opt/uio/flexpart/ERA5/era5.250hpa.temperature.MAM_avg.2017-2019.nc, /opt/uio/flexpart/ERA5/era5.250hpa.temperature.JJA_avg.2017-2019.nc, /opt/uio/flexpart/ERA5/era5.250hpa.temperature.SON_avg.2017-2019.nc, /opt/uio/flexpart/ERA5/era5.250hpa.Geopotential.DJF_avg.2017-2019.nc, /opt/uio/flexpart/ERA5/era5.250hpa.Geopotential.MAM_avg.2017-2019.nc, /opt/uio/flexpart/ERA5/era5.250hpa.Geopotential.JJA_avg.2017-2019.nc, /opt/uio/flexpart/ERA5/era5.250hpa.Geopotential.SON_avg.2017-2019.nc, /opt/uio/flexpart/ERA5/era5.1000hpa.GeopotHeight.monthly.2017-2019.nc, /opt/uio/flexpart/ERA5/era5.850hpa.GeopotHeight.monthly.2017-2019.nc, /opt/uio/flexpart/ERA5/era5.500hpa.GeopotHeight.monthly.2017-2019.nc, /opt/uio/flexpart/ERA5/era5.250hpa.GeopotHeight.monthly.2017-2019.nc, /opt/uio/flexpart/ERA5/era5.1000hpa.GeopotHeight.DJF_avg.2017-2019.nc, /opt/uio/flexpart/ERA5/era5.1000hpa.GeopotHeight.MAM_avg.2017-2019.nc, /opt/uio/flexpart/ERA5/era5.1000hpa.GeopotHeight.JJA_avg.2017-2019.nc, /opt/uio/flexpart/ERA5/era5.1000hpa.GeopotHeight.SON_avg.2017-2019.nc, /opt/uio/flexpart/ERA5/era5.850hpa.GeopotHeight.DJF_avg.2017-2019.nc, /opt/uio/flexpart/ERA5/era5.850hpa.GeopotHeight.MAM_avg.2017-2019.nc, /opt/uio/flexpart/ERA5/era5.850hpa.GeopotHeight.JJA_avg.2017-2019.nc, /opt/uio/flexpart/ERA5/era5.850hpa.GeopotHeight.SON_avg.2017-2019.nc, /opt/uio/flexpart/ERA5/era5.500hpa.GeopotHeight.DJF_avg.2017-2019.nc, /opt/uio/flexpart/ERA5/era5.500hpa.GeopotHeight.MAM_avg.2017-2019.nc, /opt/uio/flexpart/ERA5/era5.500hpa.GeopotHeight.JJA_avg.2017-2019.nc, /opt/uio/flexpart/ERA5/era5.500hpa.GeopotHeight.SON_avg.2017-2019.nc, /opt/uio/flexpart/ERA5/era5.250hpa.GeopotHeight.DJF_avg.2017-2019.nc, /opt/uio/flexpart/ERA5/era5.250hpa.GeopotHeight.MAM_avg.2017-2019.nc, /opt/uio/flexpart/ERA5/era5.250hpa.GeopotHeight.JJA_avg.2017-2019.nc, /opt/uio/flexpart/ERA5/era5.250hpa.GeopotHeight.SON_avg.2017-2019.nc
    jobid: 0

[Tue Feb  2 13:51:22 2021]
Finished job 0.
54 of 54 steps (100%) done
Complete log: /home/centos/ERA5_workflow/.snakemake/log/2021-02-02T135113.587437.snakemake.log
