Building DAG of jobs...
Using shell: /usr/bin/bash
Provided cores: 2
Rules claiming more threads will be scaled down.
Job counts:
	count	jobs
	1	all
	8	download_monthly_era5_pressure
	1	download_monthly_era5_single_level
	4	geopotential_to_geopotential_height
	14
Select jobs to execute...

[Tue Feb  2 13:48:09 2021]
Job 8: downloading /opt/uio/flexpart/ERA5/era5.250hpa.Geopotential.monthly.2017-2019.nc


[Tue Feb  2 13:48:09 2021]
Job 4: downloading /opt/uio/flexpart/ERA5/era5.850hpa.Geopotential.monthly.2017-2019.nc

[Tue Feb  2 13:48:09 2021]
Error in rule download_monthly_era5_pressure:
    jobid: 8
    output: /opt/uio/flexpart/ERA5/era5.250hpa.Geopotential.monthly.2017-2019.nc
    shell:
        
        [[ -d dir ]] || mkdir dir /opt/uio/flexpart/ERA5/
        python download_era5_monthly.py 250 Geopotential 2017 2019 --fn /opt/uio/flexpart/ERA5/era5.250hpa.Geopotential.monthly.2017-2019.nc
        ncks -O --mk_rec_dim time /opt/uio/flexpart/ERA5/era5.250hpa.Geopotential.monthly.2017-2019.nc /opt/uio/flexpart/ERA5/era5.250hpa.Geopotential.monthly.2017-2019.nc
        
        (one of the commands exited with non-zero exit code; note that snakemake uses bash strict mode!)

[Tue Feb  2 13:48:16 2021]
Finished job 4.
1 of 14 steps (7%) done
Shutting down, this might take some time.
Exiting because a job execution failed. Look above for error message
Complete log: /home/centos/ERA5_workflow/.snakemake/log/2021-02-02T134809.617398.snakemake.log
