Building DAG of jobs...
Using shell: /usr/bin/bash
Provided cores: 2
Rules claiming more threads will be scaled down.
Job counts:
	count	jobs
	1	all
	7	download_monthly_era5_pressure
	1	download_monthly_era5_single_level
	4	geopotential_to_geopotential_height
	13
Select jobs to execute...

[Tue Feb  2 13:49:04 2021]
Job 6: downloading /opt/uio/flexpart/ERA5/era5.500hpa.Geopotential.monthly.2017-2019.nc


        [[ -d dir ]] || mkdir dir /opt/uio/flexpart/ERA5/
        python download_era5_monthly.py 500 Geopotential 2017 2019 --fn /opt/uio/flexpart/ERA5/era5.500hpa.Geopotential.monthly.2017-2019.nc
        ncks -O --mk_rec_dim time /opt/uio/flexpart/ERA5/era5.500hpa.Geopotential.monthly.2017-2019.nc /opt/uio/flexpart/ERA5/era5.500hpa.Geopotential.monthly.2017-2019.nc
        

[Tue Feb  2 13:49:04 2021]
Job 8: downloading /opt/uio/flexpart/ERA5/era5.250hpa.Geopotential.monthly.2017-2019.nc


        [[ -d dir ]] || mkdir dir /opt/uio/flexpart/ERA5/
        python download_era5_monthly.py 250 Geopotential 2017 2019 --fn /opt/uio/flexpart/ERA5/era5.250hpa.Geopotential.monthly.2017-2019.nc
        ncks -O --mk_rec_dim time /opt/uio/flexpart/ERA5/era5.250hpa.Geopotential.monthly.2017-2019.nc /opt/uio/flexpart/ERA5/era5.250hpa.Geopotential.monthly.2017-2019.nc
        
[Tue Feb  2 13:49:12 2021]
Finished job 8.
1 of 13 steps (8%) done
Select jobs to execute...

[Tue Feb  2 13:49:12 2021]
Job 9: downloading /opt/uio/flexpart/ERA5/era5.single_level.surface_pressure.monthly.2017-2019.nc


        [[ -d dir ]] || mkdir dir /opt/uio/flexpart/ERA5/
        python download_era5_monthly.py -1 surface_pressure 2017 2019 --fn /opt/uio/flexpart/ERA5/era5.single_level.surface_pressure.monthly.2017-2019.nc
        ncks -O --mk_rec_dim time /opt/uio/flexpart/ERA5/era5.single_level.surface_pressure.monthly.2017-2019.nc /opt/uio/flexpart/ERA5/era5.single_level.surface_pressure.monthly.2017-2019.nc
        
[Tue Feb  2 13:49:15 2021]
Finished job 6.
2 of 13 steps (15%) done
Select jobs to execute...

[Tue Feb  2 13:49:15 2021]
rule geopotential_to_geopotential_height:
    input: /opt/uio/flexpart/ERA5/era5.500hpa.Geopotential.monthly.2017-2019.nc
    output: /opt/uio/flexpart/ERA5/era5.500hpa.GeopotHeight.monthly.2017-2019.nc
    jobid: 12
    wildcards: plevel=500, sdate=2017, edate=2019


        ncap2 -v -s'z=z/9.80665f*0.1f;' /opt/uio/flexpart/ERA5/era5.500hpa.Geopotential.monthly.2017-2019.nc /opt/uio/flexpart/ERA5/era5.500hpa.GeopotHeight.monthly.2017-2019.nc 
        ncatted -a units,z,o,c,'dam' /opt/uio/flexpart/ERA5/era5.500hpa.GeopotHeight.monthly.2017-2019.nc
        ncatted -a long_name,z,o,c,'Geopotential height' /opt/uio/flexpart/ERA5/era5.500hpa.GeopotHeight.monthly.2017-2019.nc  
        ncatted -a standard_name,z,o,c,'geopotential height' /opt/uio/flexpart/ERA5/era5.500hpa.GeopotHeight.monthly.2017-2019.nc
        ncrename -v z,Z /opt/uio/flexpart/ERA5/era5.500hpa.GeopotHeight.monthly.2017-2019.nc
        
[Tue Feb  2 13:49:19 2021]
Finished job 12.
3 of 13 steps (23%) done
Select jobs to execute...

[Tue Feb  2 13:49:19 2021]
Job 7: downloading /opt/uio/flexpart/ERA5/era5.250hpa.temperature.monthly.2017-2019.nc


        [[ -d dir ]] || mkdir dir /opt/uio/flexpart/ERA5/
        python download_era5_monthly.py 250 temperature 2017 2019 --fn /opt/uio/flexpart/ERA5/era5.250hpa.temperature.monthly.2017-2019.nc
        ncks -O --mk_rec_dim time /opt/uio/flexpart/ERA5/era5.250hpa.temperature.monthly.2017-2019.nc /opt/uio/flexpart/ERA5/era5.250hpa.temperature.monthly.2017-2019.nc
        
[Tue Feb  2 13:49:28 2021]
Finished job 9.
4 of 13 steps (31%) done
Select jobs to execute...

[Tue Feb  2 13:49:28 2021]
Job 2: downloading /opt/uio/flexpart/ERA5/era5.1000hpa.Geopotential.monthly.2017-2019.nc


        [[ -d dir ]] || mkdir dir /opt/uio/flexpart/ERA5/
        python download_era5_monthly.py 1000 Geopotential 2017 2019 --fn /opt/uio/flexpart/ERA5/era5.1000hpa.Geopotential.monthly.2017-2019.nc
        ncks -O --mk_rec_dim time /opt/uio/flexpart/ERA5/era5.1000hpa.Geopotential.monthly.2017-2019.nc /opt/uio/flexpart/ERA5/era5.1000hpa.Geopotential.monthly.2017-2019.nc
        
[Tue Feb  2 13:49:33 2021]
Finished job 2.
5 of 13 steps (38%) done
Select jobs to execute...

[Tue Feb  2 13:49:33 2021]
Job 5: downloading /opt/uio/flexpart/ERA5/era5.500hpa.temperature.monthly.2017-2019.nc


        [[ -d dir ]] || mkdir dir /opt/uio/flexpart/ERA5/
        python download_era5_monthly.py 500 temperature 2017 2019 --fn /opt/uio/flexpart/ERA5/era5.500hpa.temperature.monthly.2017-2019.nc
        ncks -O --mk_rec_dim time /opt/uio/flexpart/ERA5/era5.500hpa.temperature.monthly.2017-2019.nc /opt/uio/flexpart/ERA5/era5.500hpa.temperature.monthly.2017-2019.nc
        
[Tue Feb  2 13:49:44 2021]
Finished job 7.
6 of 13 steps (46%) done
Select jobs to execute...

[Tue Feb  2 13:49:44 2021]
Job 3: downloading /opt/uio/flexpart/ERA5/era5.850hpa.temperature.monthly.2017-2019.nc


        [[ -d dir ]] || mkdir dir /opt/uio/flexpart/ERA5/
        python download_era5_monthly.py 850 temperature 2017 2019 --fn /opt/uio/flexpart/ERA5/era5.850hpa.temperature.monthly.2017-2019.nc
        ncks -O --mk_rec_dim time /opt/uio/flexpart/ERA5/era5.850hpa.temperature.monthly.2017-2019.nc /opt/uio/flexpart/ERA5/era5.850hpa.temperature.monthly.2017-2019.nc
        
[Tue Feb  2 13:49:50 2021]
Finished job 5.
7 of 13 steps (54%) done
Select jobs to execute...

[Tue Feb  2 13:49:50 2021]
rule geopotential_to_geopotential_height:
    input: /opt/uio/flexpart/ERA5/era5.250hpa.Geopotential.monthly.2017-2019.nc
    output: /opt/uio/flexpart/ERA5/era5.250hpa.GeopotHeight.monthly.2017-2019.nc
    jobid: 13
    wildcards: plevel=250, sdate=2017, edate=2019


        ncap2 -v -s'z=z/9.80665f*0.1f;' /opt/uio/flexpart/ERA5/era5.250hpa.Geopotential.monthly.2017-2019.nc /opt/uio/flexpart/ERA5/era5.250hpa.GeopotHeight.monthly.2017-2019.nc 
        ncatted -a units,z,o,c,'dam' /opt/uio/flexpart/ERA5/era5.250hpa.GeopotHeight.monthly.2017-2019.nc
        ncatted -a long_name,z,o,c,'Geopotential height' /opt/uio/flexpart/ERA5/era5.250hpa.GeopotHeight.monthly.2017-2019.nc  
        ncatted -a standard_name,z,o,c,'geopotential height' /opt/uio/flexpart/ERA5/era5.250hpa.GeopotHeight.monthly.2017-2019.nc
        ncrename -v z,Z /opt/uio/flexpart/ERA5/era5.250hpa.GeopotHeight.monthly.2017-2019.nc
        
[Tue Feb  2 13:49:54 2021]
Finished job 13.
8 of 13 steps (62%) done
Select jobs to execute...

[Tue Feb  2 13:49:54 2021]
rule geopotential_to_geopotential_height:
    input: /opt/uio/flexpart/ERA5/era5.1000hpa.Geopotential.monthly.2017-2019.nc
    output: /opt/uio/flexpart/ERA5/era5.1000hpa.GeopotHeight.monthly.2017-2019.nc
    jobid: 10
    wildcards: plevel=1000, sdate=2017, edate=2019


        ncap2 -v -s'z=z/9.80665f*0.1f;' /opt/uio/flexpart/ERA5/era5.1000hpa.Geopotential.monthly.2017-2019.nc /opt/uio/flexpart/ERA5/era5.1000hpa.GeopotHeight.monthly.2017-2019.nc 
        ncatted -a units,z,o,c,'dam' /opt/uio/flexpart/ERA5/era5.1000hpa.GeopotHeight.monthly.2017-2019.nc
        ncatted -a long_name,z,o,c,'Geopotential height' /opt/uio/flexpart/ERA5/era5.1000hpa.GeopotHeight.monthly.2017-2019.nc  
        ncatted -a standard_name,z,o,c,'geopotential height' /opt/uio/flexpart/ERA5/era5.1000hpa.GeopotHeight.monthly.2017-2019.nc
        ncrename -v z,Z /opt/uio/flexpart/ERA5/era5.1000hpa.GeopotHeight.monthly.2017-2019.nc
        
[Tue Feb  2 13:49:58 2021]
Finished job 10.
9 of 13 steps (69%) done
Select jobs to execute...

[Tue Feb  2 13:49:58 2021]
Job 1: downloading /opt/uio/flexpart/ERA5/era5.1000hpa.temperature.monthly.2017-2019.nc


        [[ -d dir ]] || mkdir dir /opt/uio/flexpart/ERA5/
        python download_era5_monthly.py 1000 temperature 2017 2019 --fn /opt/uio/flexpart/ERA5/era5.1000hpa.temperature.monthly.2017-2019.nc
        ncks -O --mk_rec_dim time /opt/uio/flexpart/ERA5/era5.1000hpa.temperature.monthly.2017-2019.nc /opt/uio/flexpart/ERA5/era5.1000hpa.temperature.monthly.2017-2019.nc
        
[Tue Feb  2 13:50:02 2021]
Finished job 3.
10 of 13 steps (77%) done
Select jobs to execute...

[Tue Feb  2 13:50:02 2021]
rule geopotential_to_geopotential_height:
    input: /opt/uio/flexpart/ERA5/era5.850hpa.Geopotential.monthly.2017-2019.nc
    output: /opt/uio/flexpart/ERA5/era5.850hpa.GeopotHeight.monthly.2017-2019.nc
    jobid: 11
    wildcards: plevel=850, sdate=2017, edate=2019


        ncap2 -v -s'z=z/9.80665f*0.1f;' /opt/uio/flexpart/ERA5/era5.850hpa.Geopotential.monthly.2017-2019.nc /opt/uio/flexpart/ERA5/era5.850hpa.GeopotHeight.monthly.2017-2019.nc 
        ncatted -a units,z,o,c,'dam' /opt/uio/flexpart/ERA5/era5.850hpa.GeopotHeight.monthly.2017-2019.nc
        ncatted -a long_name,z,o,c,'Geopotential height' /opt/uio/flexpart/ERA5/era5.850hpa.GeopotHeight.monthly.2017-2019.nc  
        ncatted -a standard_name,z,o,c,'geopotential height' /opt/uio/flexpart/ERA5/era5.850hpa.GeopotHeight.monthly.2017-2019.nc
        ncrename -v z,Z /opt/uio/flexpart/ERA5/era5.850hpa.GeopotHeight.monthly.2017-2019.nc
        
[Tue Feb  2 13:50:06 2021]
Finished job 11.
11 of 13 steps (85%) done
[Tue Feb  2 13:50:16 2021]
Finished job 1.
12 of 13 steps (92%) done
Select jobs to execute...

[Tue Feb  2 13:50:17 2021]
localrule all:
    input: /opt/uio/flexpart/ERA5/era5.1000hpa.temperature.monthly.2017-2019.nc, /opt/uio/flexpart/ERA5/era5.1000hpa.Geopotential.monthly.2017-2019.nc, /opt/uio/flexpart/ERA5/era5.850hpa.temperature.monthly.2017-2019.nc, /opt/uio/flexpart/ERA5/era5.850hpa.Geopotential.monthly.2017-2019.nc, /opt/uio/flexpart/ERA5/era5.500hpa.temperature.monthly.2017-2019.nc, /opt/uio/flexpart/ERA5/era5.500hpa.Geopotential.monthly.2017-2019.nc, /opt/uio/flexpart/ERA5/era5.250hpa.temperature.monthly.2017-2019.nc, /opt/uio/flexpart/ERA5/era5.250hpa.Geopotential.monthly.2017-2019.nc, /opt/uio/flexpart/ERA5/era5.single_level.surface_pressure.monthly.2017-2019.nc, /opt/uio/flexpart/ERA5/era5.1000hpa.GeopotHeight.monthly.2017-2019.nc, /opt/uio/flexpart/ERA5/era5.850hpa.GeopotHeight.monthly.2017-2019.nc, /opt/uio/flexpart/ERA5/era5.500hpa.GeopotHeight.monthly.2017-2019.nc, /opt/uio/flexpart/ERA5/era5.250hpa.GeopotHeight.monthly.2017-2019.nc
    jobid: 0

[Tue Feb  2 13:50:17 2021]
Finished job 0.
13 of 13 steps (100%) done
Complete log: /home/centos/ERA5_workflow/.snakemake/log/2021-02-02T134904.352819.snakemake.log
