Building DAG of jobs...
Using shell: /usr/bin/bash
Provided cores: 2
Rules claiming more threads will be scaled down.
Job counts:
	count	jobs
	1	all
	1	annual_average
	20	seasonal_average
	22
Select jobs to execute...

[Mon Feb  1 14:02:07 2021]
rule seasonal_average:
    input: /opt/uio/flexpart/ERA5/era5.1000hpa.Geopotential.monthly.2017-2019.nc
    output: /opt/uio/flexpart/ERA5/era5.1000hpa.Geopotential.SON_avg.2017-2019.nc
    jobid: 14
    wildcards: level=1000hpa, varName=Geopotential, season=SON, sdate=2017, edate=2019


[Mon Feb  1 14:02:07 2021]
rule seasonal_average:
    input: /opt/uio/flexpart/ERA5/era5.1000hpa.Geopotential.monthly.2017-2019.nc
    output: /opt/uio/flexpart/ERA5/era5.1000hpa.Geopotential.DJF_avg.2017-2019.nc
    jobid: 11
    wildcards: level=1000hpa, varName=Geopotential, season=DJF, sdate=2017, edate=2019

[Mon Feb  1 14:02:07 2021]
Finished job 14.
1 of 22 steps (5%) done
Select jobs to execute...
[Mon Feb  1 14:02:07 2021]
Finished job 11.
2 of 22 steps (9%) done

[Mon Feb  1 14:02:07 2021]
rule seasonal_average:
    input: /opt/uio/flexpart/ERA5/era5.850hpa.Geopotential.monthly.2017-2019.nc
    output: /opt/uio/flexpart/ERA5/era5.850hpa.Geopotential.MAM_avg.2017-2019.nc
    jobid: 16
    wildcards: level=850hpa, varName=Geopotential, season=MAM, sdate=2017, edate=2019

Select jobs to execute...

[Mon Feb  1 14:02:07 2021]
rule seasonal_average:
    input: /opt/uio/flexpart/ERA5/era5.250hpa.Geopotential.monthly.2017-2019.nc
    output: /opt/uio/flexpart/ERA5/era5.250hpa.Geopotential.DJF_avg.2017-2019.nc
    jobid: 23
    wildcards: level=250hpa, varName=Geopotential, season=DJF, sdate=2017, edate=2019

[Mon Feb  1 14:02:08 2021]
Finished job 23.
3 of 22 steps (14%) done
Select jobs to execute...
[Mon Feb  1 14:02:08 2021]
Finished job 16.
4 of 22 steps (18%) done

[Mon Feb  1 14:02:08 2021]
rule seasonal_average:
    input: /opt/uio/flexpart/ERA5/era5.single_level.surface_pressure.monthly.2017-2019.nc
    output: /opt/uio/flexpart/ERA5/era5.single_level.surface_pressure.SON_avg.2017-2019.nc
    jobid: 10
    wildcards: level=single_level, varName=surface_pressure, season=SON, sdate=2017, edate=2019

Select jobs to execute...

[Mon Feb  1 14:02:08 2021]
rule seasonal_average:
    input: /opt/uio/flexpart/ERA5/era5.single_level.surface_pressure.monthly.2017-2019.nc
    output: /opt/uio/flexpart/ERA5/era5.single_level.surface_pressure.MAM_avg.2017-2019.nc
    jobid: 8
    wildcards: level=single_level, varName=surface_pressure, season=MAM, sdate=2017, edate=2019

[Mon Feb  1 14:02:08 2021]
Finished job 10.
5 of 22 steps (23%) done
Select jobs to execute...

[Mon Feb  1 14:02:08 2021]
rule seasonal_average:
    input: /opt/uio/flexpart/ERA5/era5.500hpa.Geopotential.monthly.2017-2019.nc
    output: /opt/uio/flexpart/ERA5/era5.500hpa.Geopotential.DJF_avg.2017-2019.nc
    jobid: 19
    wildcards: level=500hpa, varName=Geopotential, season=DJF, sdate=2017, edate=2019

[Mon Feb  1 14:02:08 2021]
Finished job 8.
6 of 22 steps (27%) done
Select jobs to execute...

[Mon Feb  1 14:02:08 2021]
rule seasonal_average:
    input: /opt/uio/flexpart/ERA5/era5.250hpa.Geopotential.monthly.2017-2019.nc
    output: /opt/uio/flexpart/ERA5/era5.250hpa.Geopotential.SON_avg.2017-2019.nc
    jobid: 26
    wildcards: level=250hpa, varName=Geopotential, season=SON, sdate=2017, edate=2019

[Mon Feb  1 14:02:09 2021]
Finished job 19.
7 of 22 steps (32%) done
Select jobs to execute...

[Mon Feb  1 14:02:09 2021]
rule annual_average:
    input: /opt/uio/flexpart/ERA5/era5.single_level.surface_pressure.monthly.2017-2019.nc
    output: /opt/uio/flexpart/ERA5/era5.single_level.surface_pressure.annual.2017-2019.nc
    jobid: 6
    wildcards: level=single_level, varName=surface_pressure, sdate=2017, edate=2019

[Mon Feb  1 14:02:09 2021]
Finished job 26.
8 of 22 steps (36%) done
Select jobs to execute...

[Mon Feb  1 14:02:09 2021]
rule seasonal_average:
    input: /opt/uio/flexpart/ERA5/era5.1000hpa.Geopotential.monthly.2017-2019.nc
    output: /opt/uio/flexpart/ERA5/era5.1000hpa.Geopotential.JJA_avg.2017-2019.nc
    jobid: 13
    wildcards: level=1000hpa, varName=Geopotential, season=JJA, sdate=2017, edate=2019

[Mon Feb  1 14:02:09 2021]
Finished job 13.
9 of 22 steps (41%) done
Select jobs to execute...

[Mon Feb  1 14:02:09 2021]
rule seasonal_average:
    input: /opt/uio/flexpart/ERA5/era5.500hpa.Geopotential.monthly.2017-2019.nc
    output: /opt/uio/flexpart/ERA5/era5.500hpa.Geopotential.JJA_avg.2017-2019.nc
    jobid: 21
    wildcards: level=500hpa, varName=Geopotential, season=JJA, sdate=2017, edate=2019

[Mon Feb  1 14:02:09 2021]
Finished job 6.
10 of 22 steps (45%) done
Select jobs to execute...
[Mon Feb  1 14:02:09 2021]
Finished job 21.
11 of 22 steps (50%) done

[Mon Feb  1 14:02:09 2021]
rule seasonal_average:
    input: /opt/uio/flexpart/ERA5/era5.850hpa.Geopotential.monthly.2017-2019.nc
    output: /opt/uio/flexpart/ERA5/era5.850hpa.Geopotential.DJF_avg.2017-2019.nc
    jobid: 15
    wildcards: level=850hpa, varName=Geopotential, season=DJF, sdate=2017, edate=2019

Select jobs to execute...

[Mon Feb  1 14:02:09 2021]
rule seasonal_average:
    input: /opt/uio/flexpart/ERA5/era5.single_level.surface_pressure.monthly.2017-2019.nc
    output: /opt/uio/flexpart/ERA5/era5.single_level.surface_pressure.JJA_avg.2017-2019.nc
    jobid: 9
    wildcards: level=single_level, varName=surface_pressure, season=JJA, sdate=2017, edate=2019

[Mon Feb  1 14:02:09 2021]
Finished job 15.
12 of 22 steps (55%) done
Select jobs to execute...

[Mon Feb  1 14:02:09 2021]
rule seasonal_average:
    input: /opt/uio/flexpart/ERA5/era5.250hpa.Geopotential.monthly.2017-2019.nc
    output: /opt/uio/flexpart/ERA5/era5.250hpa.Geopotential.MAM_avg.2017-2019.nc
    jobid: 24
    wildcards: level=250hpa, varName=Geopotential, season=MAM, sdate=2017, edate=2019

[Mon Feb  1 14:02:09 2021]
Finished job 9.
13 of 22 steps (59%) done
Select jobs to execute...

[Mon Feb  1 14:02:09 2021]
rule seasonal_average:
    input: /opt/uio/flexpart/ERA5/era5.850hpa.Geopotential.monthly.2017-2019.nc
    output: /opt/uio/flexpart/ERA5/era5.850hpa.Geopotential.JJA_avg.2017-2019.nc
    jobid: 17
    wildcards: level=850hpa, varName=Geopotential, season=JJA, sdate=2017, edate=2019

[Mon Feb  1 14:02:10 2021]
Finished job 24.
14 of 22 steps (64%) done
Select jobs to execute...

[Mon Feb  1 14:02:10 2021]
rule seasonal_average:
    input: /opt/uio/flexpart/ERA5/era5.500hpa.Geopotential.monthly.2017-2019.nc
    output: /opt/uio/flexpart/ERA5/era5.500hpa.Geopotential.SON_avg.2017-2019.nc
    jobid: 22
    wildcards: level=500hpa, varName=Geopotential, season=SON, sdate=2017, edate=2019

[Mon Feb  1 14:02:10 2021]
Finished job 17.
15 of 22 steps (68%) done
Select jobs to execute...

[Mon Feb  1 14:02:10 2021]
rule seasonal_average:
    input: /opt/uio/flexpart/ERA5/era5.1000hpa.Geopotential.monthly.2017-2019.nc
    output: /opt/uio/flexpart/ERA5/era5.1000hpa.Geopotential.MAM_avg.2017-2019.nc
    jobid: 12
    wildcards: level=1000hpa, varName=Geopotential, season=MAM, sdate=2017, edate=2019

[Mon Feb  1 14:02:10 2021]
Finished job 22.
16 of 22 steps (73%) done
Select jobs to execute...
[Mon Feb  1 14:02:10 2021]
Finished job 12.
17 of 22 steps (77%) done

[Mon Feb  1 14:02:10 2021]
rule seasonal_average:
    input: /opt/uio/flexpart/ERA5/era5.250hpa.Geopotential.monthly.2017-2019.nc
    output: /opt/uio/flexpart/ERA5/era5.250hpa.Geopotential.JJA_avg.2017-2019.nc
    jobid: 25
    wildcards: level=250hpa, varName=Geopotential, season=JJA, sdate=2017, edate=2019

Select jobs to execute...

[Mon Feb  1 14:02:10 2021]
rule seasonal_average:
    input: /opt/uio/flexpart/ERA5/era5.single_level.surface_pressure.monthly.2017-2019.nc
    output: /opt/uio/flexpart/ERA5/era5.single_level.surface_pressure.DJF_avg.2017-2019.nc
    jobid: 7
    wildcards: level=single_level, varName=surface_pressure, season=DJF, sdate=2017, edate=2019

[Mon Feb  1 14:02:10 2021]
Finished job 25.
18 of 22 steps (82%) done
Select jobs to execute...
[Mon Feb  1 14:02:10 2021]
Finished job 7.
19 of 22 steps (86%) done

[Mon Feb  1 14:02:10 2021]
rule seasonal_average:
    input: /opt/uio/flexpart/ERA5/era5.500hpa.Geopotential.monthly.2017-2019.nc
    output: /opt/uio/flexpart/ERA5/era5.500hpa.Geopotential.MAM_avg.2017-2019.nc
    jobid: 20
    wildcards: level=500hpa, varName=Geopotential, season=MAM, sdate=2017, edate=2019

Select jobs to execute...

[Mon Feb  1 14:02:11 2021]
rule seasonal_average:
    input: /opt/uio/flexpart/ERA5/era5.850hpa.Geopotential.monthly.2017-2019.nc
    output: /opt/uio/flexpart/ERA5/era5.850hpa.Geopotential.SON_avg.2017-2019.nc
    jobid: 18
    wildcards: level=850hpa, varName=Geopotential, season=SON, sdate=2017, edate=2019

[Mon Feb  1 14:02:11 2021]
Finished job 20.
20 of 22 steps (91%) done
[Mon Feb  1 14:02:11 2021]
Finished job 18.
21 of 22 steps (95%) done
Select jobs to execute...

[Mon Feb  1 14:02:11 2021]
localrule all:
    input: /opt/uio/flexpart/ERA5/era5.1000hpa.Geopotential.monthly.2017-2019.nc, /opt/uio/flexpart/ERA5/era5.850hpa.Geopotential.monthly.2017-2019.nc, /opt/uio/flexpart/ERA5/era5.500hpa.Geopotential.monthly.2017-2019.nc, /opt/uio/flexpart/ERA5/era5.250hpa.Geopotential.monthly.2017-2019.nc, /opt/uio/flexpart/ERA5/era5.single_level.surface_pressure.monthly.2017-2019.nc, /opt/uio/flexpart/ERA5/era5.single_level.surface_pressure.annual.2017-2019.nc, /opt/uio/flexpart/ERA5/era5.single_level.surface_pressure.DJF_avg.2017-2019.nc, /opt/uio/flexpart/ERA5/era5.single_level.surface_pressure.MAM_avg.2017-2019.nc, /opt/uio/flexpart/ERA5/era5.single_level.surface_pressure.JJA_avg.2017-2019.nc, /opt/uio/flexpart/ERA5/era5.single_level.surface_pressure.SON_avg.2017-2019.nc, /opt/uio/flexpart/ERA5/era5.1000hpa.Geopotential.DJF_avg.2017-2019.nc, /opt/uio/flexpart/ERA5/era5.1000hpa.Geopotential.MAM_avg.2017-2019.nc, /opt/uio/flexpart/ERA5/era5.1000hpa.Geopotential.JJA_avg.2017-2019.nc, /opt/uio/flexpart/ERA5/era5.1000hpa.Geopotential.SON_avg.2017-2019.nc, /opt/uio/flexpart/ERA5/era5.850hpa.Geopotential.DJF_avg.2017-2019.nc, /opt/uio/flexpart/ERA5/era5.850hpa.Geopotential.MAM_avg.2017-2019.nc, /opt/uio/flexpart/ERA5/era5.850hpa.Geopotential.JJA_avg.2017-2019.nc, /opt/uio/flexpart/ERA5/era5.850hpa.Geopotential.SON_avg.2017-2019.nc, /opt/uio/flexpart/ERA5/era5.500hpa.Geopotential.DJF_avg.2017-2019.nc, /opt/uio/flexpart/ERA5/era5.500hpa.Geopotential.MAM_avg.2017-2019.nc, /opt/uio/flexpart/ERA5/era5.500hpa.Geopotential.JJA_avg.2017-2019.nc, /opt/uio/flexpart/ERA5/era5.500hpa.Geopotential.SON_avg.2017-2019.nc, /opt/uio/flexpart/ERA5/era5.250hpa.Geopotential.DJF_avg.2017-2019.nc, /opt/uio/flexpart/ERA5/era5.250hpa.Geopotential.MAM_avg.2017-2019.nc, /opt/uio/flexpart/ERA5/era5.250hpa.Geopotential.JJA_avg.2017-2019.nc, /opt/uio/flexpart/ERA5/era5.250hpa.Geopotential.SON_avg.2017-2019.nc
    jobid: 0

[Mon Feb  1 14:02:11 2021]
Finished job 0.
22 of 22 steps (100%) done
Complete log: /home/centos/ERA5_workflow/.snakemake/log/2021-02-01T140207.274657.snakemake.log
