Building DAG of jobs...
Using shell: /usr/bin/bash
Provided cores: 2
Rules claiming more threads will be scaled down.
Job counts:
	count	jobs
	1	all
	2	download_monthly_era5_pressure
	16	winter_seasonal_average
	19
Select jobs to execute...

[Mon Feb  1 13:34:12 2021]
rule winter_seasonal_average:
    input: /opt/uio/flexpart/ERA5/era5.850hpa.Geopotential.monthly.2017-2019.nc
    output: /opt/uio/flexpart/ERA5/era5.850hpa.Geopotential.MAM.2017-2019.nc
    jobid: 16
    wildcards: level=850hpa, varName=Geopotential, season=MAM, sdate=2017, edate=2019


[Mon Feb  1 13:34:12 2021]
rule winter_seasonal_average:
    input: /opt/uio/flexpart/ERA5/era5.1000hpa.Geopotential.monthly.2017-2019.nc
    output: /opt/uio/flexpart/ERA5/era5.1000hpa.Geopotential.SON.2017-2019.nc
    jobid: 14
    wildcards: level=1000hpa, varName=Geopotential, season=SON, sdate=2017, edate=2019

[Mon Feb  1 13:34:12 2021]
Finished job 14.
1 of 19 steps (5%) done
[Mon Feb  1 13:34:12 2021]
Finished job 16.
2 of 19 steps (11%) done
Select jobs to execute...

[Mon Feb  1 13:34:12 2021]
rule winter_seasonal_average:
    input: /opt/uio/flexpart/ERA5/era5.850hpa.Geopotential.monthly.2017-2019.nc
    output: /opt/uio/flexpart/ERA5/era5.850hpa.Geopotential.SON.2017-2019.nc
    jobid: 18
    wildcards: level=850hpa, varName=Geopotential, season=SON, sdate=2017, edate=2019


[Mon Feb  1 13:34:12 2021]
Job 3: downloading /opt/uio/flexpart/ERA5/era5.500hpa.Geopotential.monthly.2017-2019.nc

Select jobs to execute...
[Mon Feb  1 13:34:12 2021]
Finished job 18.
3 of 19 steps (16%) done
Select jobs to execute...

[Mon Feb  1 13:34:12 2021]
rule winter_seasonal_average:
    input: /opt/uio/flexpart/ERA5/era5.850hpa.Geopotential.monthly.2017-2019.nc
    output: /opt/uio/flexpart/ERA5/era5.850hpa.Geopotential.DJF.2017-2019.nc
    jobid: 15
    wildcards: level=850hpa, varName=Geopotential, season=DJF, sdate=2017, edate=2019

[Mon Feb  1 13:34:13 2021]
Finished job 15.
4 of 19 steps (21%) done
Select jobs to execute...

[Mon Feb  1 13:34:13 2021]
rule winter_seasonal_average:
    input: /opt/uio/flexpart/ERA5/era5.1000hpa.Geopotential.monthly.2017-2019.nc
    output: /opt/uio/flexpart/ERA5/era5.1000hpa.Geopotential.JJA.2017-2019.nc
    jobid: 13
    wildcards: level=1000hpa, varName=Geopotential, season=JJA, sdate=2017, edate=2019

[Mon Feb  1 13:34:13 2021]
Finished job 13.
5 of 19 steps (26%) done
Select jobs to execute...

[Mon Feb  1 13:34:13 2021]
rule winter_seasonal_average:
    input: /opt/uio/flexpart/ERA5/era5.1000hpa.Geopotential.monthly.2017-2019.nc
    output: /opt/uio/flexpart/ERA5/era5.1000hpa.Geopotential.DJF.2017-2019.nc
    jobid: 11
    wildcards: level=1000hpa, varName=Geopotential, season=DJF, sdate=2017, edate=2019

[Mon Feb  1 13:34:13 2021]
Finished job 11.
6 of 19 steps (32%) done
Select jobs to execute...

[Mon Feb  1 13:34:13 2021]
rule winter_seasonal_average:
    input: /opt/uio/flexpart/ERA5/era5.1000hpa.Geopotential.monthly.2017-2019.nc
    output: /opt/uio/flexpart/ERA5/era5.1000hpa.Geopotential.MAM.2017-2019.nc
    jobid: 12
    wildcards: level=1000hpa, varName=Geopotential, season=MAM, sdate=2017, edate=2019

[Mon Feb  1 13:34:14 2021]
Finished job 12.
7 of 19 steps (37%) done
Select jobs to execute...

[Mon Feb  1 13:34:14 2021]
Job 4: downloading /opt/uio/flexpart/ERA5/era5.250hpa.Geopotential.monthly.2017-2019.nc

[Mon Feb  1 13:34:29 2021]
Finished job 3.
8 of 19 steps (42%) done
Select jobs to execute...

[Mon Feb  1 13:34:29 2021]
rule winter_seasonal_average:
    input: /opt/uio/flexpart/ERA5/era5.850hpa.Geopotential.monthly.2017-2019.nc
    output: /opt/uio/flexpart/ERA5/era5.850hpa.Geopotential.JJA.2017-2019.nc
    jobid: 17
    wildcards: level=850hpa, varName=Geopotential, season=JJA, sdate=2017, edate=2019

[Mon Feb  1 13:34:29 2021]
Finished job 17.
9 of 19 steps (47%) done
Select jobs to execute...

[Mon Feb  1 13:34:29 2021]
rule winter_seasonal_average:
    input: /opt/uio/flexpart/ERA5/era5.500hpa.Geopotential.monthly.2017-2019.nc
    output: /opt/uio/flexpart/ERA5/era5.500hpa.Geopotential.SON.2017-2019.nc
    jobid: 22
    wildcards: level=500hpa, varName=Geopotential, season=SON, sdate=2017, edate=2019

[Mon Feb  1 13:34:29 2021]
Finished job 22.
10 of 19 steps (53%) done
Select jobs to execute...

[Mon Feb  1 13:34:30 2021]
rule winter_seasonal_average:
    input: /opt/uio/flexpart/ERA5/era5.500hpa.Geopotential.monthly.2017-2019.nc
    output: /opt/uio/flexpart/ERA5/era5.500hpa.Geopotential.DJF.2017-2019.nc
    jobid: 19
    wildcards: level=500hpa, varName=Geopotential, season=DJF, sdate=2017, edate=2019

[Mon Feb  1 13:34:30 2021]
Finished job 19.
11 of 19 steps (58%) done
Select jobs to execute...

[Mon Feb  1 13:34:30 2021]
rule winter_seasonal_average:
    input: /opt/uio/flexpart/ERA5/era5.500hpa.Geopotential.monthly.2017-2019.nc
    output: /opt/uio/flexpart/ERA5/era5.500hpa.Geopotential.JJA.2017-2019.nc
    jobid: 21
    wildcards: level=500hpa, varName=Geopotential, season=JJA, sdate=2017, edate=2019

[Mon Feb  1 13:34:30 2021]
Finished job 4.
12 of 19 steps (63%) done
Select jobs to execute...
[Mon Feb  1 13:34:30 2021]
Finished job 21.
13 of 19 steps (68%) done

[Mon Feb  1 13:34:31 2021]
rule winter_seasonal_average:
    input: /opt/uio/flexpart/ERA5/era5.250hpa.Geopotential.monthly.2017-2019.nc
    output: /opt/uio/flexpart/ERA5/era5.250hpa.Geopotential.SON.2017-2019.nc
    jobid: 26
    wildcards: level=250hpa, varName=Geopotential, season=SON, sdate=2017, edate=2019

Select jobs to execute...

[Mon Feb  1 13:34:31 2021]
rule winter_seasonal_average:
    input: /opt/uio/flexpart/ERA5/era5.250hpa.Geopotential.monthly.2017-2019.nc
    output: /opt/uio/flexpart/ERA5/era5.250hpa.Geopotential.JJA.2017-2019.nc
    jobid: 25
    wildcards: level=250hpa, varName=Geopotential, season=JJA, sdate=2017, edate=2019

[Mon Feb  1 13:34:31 2021]
Finished job 26.
14 of 19 steps (74%) done
Select jobs to execute...

[Mon Feb  1 13:34:31 2021]
rule winter_seasonal_average:
    input: /opt/uio/flexpart/ERA5/era5.250hpa.Geopotential.monthly.2017-2019.nc
    output: /opt/uio/flexpart/ERA5/era5.250hpa.Geopotential.DJF.2017-2019.nc
    jobid: 23
    wildcards: level=250hpa, varName=Geopotential, season=DJF, sdate=2017, edate=2019

[Mon Feb  1 13:34:31 2021]
Finished job 25.
15 of 19 steps (79%) done
Select jobs to execute...
[Mon Feb  1 13:34:31 2021]
Finished job 23.
16 of 19 steps (84%) done

[Mon Feb  1 13:34:31 2021]
rule winter_seasonal_average:
    input: /opt/uio/flexpart/ERA5/era5.500hpa.Geopotential.monthly.2017-2019.nc
    output: /opt/uio/flexpart/ERA5/era5.500hpa.Geopotential.MAM.2017-2019.nc
    jobid: 20
    wildcards: level=500hpa, varName=Geopotential, season=MAM, sdate=2017, edate=2019

Select jobs to execute...

[Mon Feb  1 13:34:31 2021]
rule winter_seasonal_average:
    input: /opt/uio/flexpart/ERA5/era5.250hpa.Geopotential.monthly.2017-2019.nc
    output: /opt/uio/flexpart/ERA5/era5.250hpa.Geopotential.MAM.2017-2019.nc
    jobid: 24
    wildcards: level=250hpa, varName=Geopotential, season=MAM, sdate=2017, edate=2019

[Mon Feb  1 13:34:31 2021]
Finished job 20.
17 of 19 steps (89%) done
[Mon Feb  1 13:34:32 2021]
Finished job 24.
18 of 19 steps (95%) done
Select jobs to execute...

[Mon Feb  1 13:34:32 2021]
localrule all:
    input: /opt/uio/flexpart/ERA5/era5.1000hpa.Geopotential.monthly.2017-2019.nc, /opt/uio/flexpart/ERA5/era5.850hpa.Geopotential.monthly.2017-2019.nc, /opt/uio/flexpart/ERA5/era5.500hpa.Geopotential.monthly.2017-2019.nc, /opt/uio/flexpart/ERA5/era5.250hpa.Geopotential.monthly.2017-2019.nc, /opt/uio/flexpart/ERA5/era5.single_level.surface_pressure.monthly.2017-2019.nc, /opt/uio/flexpart/ERA5/era5.single_level.surface_pressure.annual.2017-2019.nc, /opt/uio/flexpart/ERA5/era5.single_level.surface_pressure.DJF.2017-2019.nc, /opt/uio/flexpart/ERA5/era5.single_level.surface_pressure.MAM.2017-2019.nc, /opt/uio/flexpart/ERA5/era5.single_level.surface_pressure.JJA.2017-2019.nc, /opt/uio/flexpart/ERA5/era5.single_level.surface_pressure.SON.2017-2019.nc, /opt/uio/flexpart/ERA5/era5.1000hpa.Geopotential.DJF.2017-2019.nc, /opt/uio/flexpart/ERA5/era5.1000hpa.Geopotential.MAM.2017-2019.nc, /opt/uio/flexpart/ERA5/era5.1000hpa.Geopotential.JJA.2017-2019.nc, /opt/uio/flexpart/ERA5/era5.1000hpa.Geopotential.SON.2017-2019.nc, /opt/uio/flexpart/ERA5/era5.850hpa.Geopotential.DJF.2017-2019.nc, /opt/uio/flexpart/ERA5/era5.850hpa.Geopotential.MAM.2017-2019.nc, /opt/uio/flexpart/ERA5/era5.850hpa.Geopotential.JJA.2017-2019.nc, /opt/uio/flexpart/ERA5/era5.850hpa.Geopotential.SON.2017-2019.nc, /opt/uio/flexpart/ERA5/era5.500hpa.Geopotential.DJF.2017-2019.nc, /opt/uio/flexpart/ERA5/era5.500hpa.Geopotential.MAM.2017-2019.nc, /opt/uio/flexpart/ERA5/era5.500hpa.Geopotential.JJA.2017-2019.nc, /opt/uio/flexpart/ERA5/era5.500hpa.Geopotential.SON.2017-2019.nc, /opt/uio/flexpart/ERA5/era5.250hpa.Geopotential.DJF.2017-2019.nc, /opt/uio/flexpart/ERA5/era5.250hpa.Geopotential.MAM.2017-2019.nc, /opt/uio/flexpart/ERA5/era5.250hpa.Geopotential.JJA.2017-2019.nc, /opt/uio/flexpart/ERA5/era5.250hpa.Geopotential.SON.2017-2019.nc
    jobid: 0

[Mon Feb  1 13:34:32 2021]
Finished job 0.
19 of 19 steps (100%) done
Complete log: /home/centos/ERA5_workflow/.snakemake/log/2021-02-01T133411.846203.snakemake.log
